commit_id	added_line	deleted_line	guard_addition
2d71af4dbe22557fda74f9a9b4309b15a7487f03	0	0	0
1162f6d6ee833ab602dc457409d0edc27070987f	244	0	0
e2ba86e36666ec112b4991f99f1bbf9187fb8672	0	0	0
a01833affd8097e5bf34542565283b602f3fb893	0	0	0
f93be970e70b1d21c4588114db50c2ce7de5b8fc	0	0	0
2e26c8836edc800c60b204a1d3da0285edb415d6	341	79	0
16cb73dab6dfb9757473528c44213f73b1c840ea	0	0	0
b90c19447884b989a7b8623e3d3bfd03bd2b5955	2	0	0
09fbace1d70baf34c4927a937b5bdf77055f3673	0	0	0
b951319972a05225c5c0e9d1d08318f747c7023d	0	0	0
1155a081fa9a01d183e8a669f8608d4fa968938b	541	37	0
2a80654d57599d92bf62c72310947beb5d993b5c	16	23	0
a09a67971d7aaa31617988a188501b855e3e59f2	356	142	0
6ce1a6cc3824e052f99361620169c42de01a99ab	22	13	0
a6efddca2ade745f9ae1454579e7a70c74219d8e	142	28	0
cbbdcc328d66db86c197a87560da42afaa88ccbb	27	0	0
dabcdc1758437e654896ac69e737aec337da529b	31	0	0
126fb0f22d701cad58bf3123bf7d8f2219e60387	773	85	0
eacb4e4f34189178bb83df614be928bf27d410d1	0	0	0
a188308cfb96da62dcd212b53247177f62771966	222	67	0
e5259e437540f349646870ea94dc2658c4e44b3b	0	0	0
5e453dba5dfe9d81b711c0b77dc265c914cd092a	0	0	0
ffda36316b99c50802e1f812da5f5bfb41b8808c	0	7	0
7b9176cbbe5878d7471b2ef02e1748d9229adb59	0	0	0
e754927db6ca9c7a0d8bc426d393759c55ca8b96	0	0	0
e0af6ed7598fc4555d7625ddc8efd86e2281babf	254	84	0
0666919fe1ecc516276d41337e09163f7cfd4c9a	0	0	0
997fa5e765f3a3288d4c010a9bb170dd59007031	329	25	0
c9da2e287bc28ef05a62e5eb7f78f6dac2a864bd	3	2	0
3fcf7bb46223f1c53e84f5559b7a7751ef9c2322	142	30	0
fd25ee3d2fb01c9cd488d00430e3635db2c2be02	58	17	0
d53e4ca2d198b0ec311e9ac5427e481e02b9f878	17	17	0
fc58463c2016549524d56c1c807633295a15814d	143	119	0
00dbf70c8855007ce732e072761708fd61d844f1	0	0	0
e023c9a6a8dbc8b7c7aa806716c7d90a8acf26d6	0	0	0
75053f58442defc78780a9d9a29fc2293a8d66c3	0	0	0
e658303117f4392d735fcfc34b8dbadb18f7d71a	205	270	0
9f3abc324f62179e4c29b61ccac00c6deeefee21	0	0	0
ed237bfef5876de27908591cb622c7fbfd71b11b	13	8	0
8ffa2b25ddd10124f3ea04e824fd3cb3263ae07c	0	0	0
4ce7d9f1b6270bec6a57afd1047ea0a04cd8e105	0	0	0
bb4d9cc405ff06191cdbcaf0265175f9da21ba80	23	9	0
8be14c4d4743bebfd3e2b1759503d640480d4218	0	0	0
b629cff6499547c28143dcd786fbea98f92e7538	0	0	0
91e643417ad06aa7801556a742e6df1694a118d7	0	0	0
37e277162d567b55a07d1755f0b31c32e93c01a0	0	0	0
bd5e98b980c14b9ce5eacffdd4df32ef7d8c1341	0	0	0
0975d211c6c918515cbdc5dbff820b131b189962	0	0	0
541d74b350fda47a4cd32a16a742094f1f62ccb1	0	0	0
948766de31eb955d62e661b7c55b74aa64434c77	0	0	0
25df0aa8db3e5d199339a903964b103d6e1d312b	0	0	0
9b758b9eb0b2c94eef853095e678ec2b8ae549dc	26	19	0
59bef3987b640f1faf26aaa24820be3c616c1cf3	2	0	0
370e2d79e695e731ceed91a6058b77d1986ec80c	0	0	0
936791fc561fa96f7185ac21e300f10bb7a8cfcc	0	0	0
bd526c11a33bbe0bcb2a56ddbe09055c6bca70fc	0	0	0
2d096b48021223a41349eeb379015f1fecffab24	0	0	0
34665cd5bdbcb6aaeecb6b204028ef1ffab9f2d8	7	7	0
cd5e6b2631cdec2719d6f0a99f65f57e4625bbf7	0	0	0
574a94dafd9238e74d36d41c8b37388717d32d28	0	0	0
70797397f12c8a9cc04895d7ca3459f7c7134f7d	0	0	0
955611e294151fee77b5b95829ebf117c65317ed	0	0	0
b903a07c4944cb0a90045e686b7c3f153aee6153	0	0	0
1f811a6281090e1b24152dc51507aa6a2bdeafe3	0	0	0
9959b0e4387c02e82fadb0aee8d59f6212a2757e	13	2	0
4beaa69b59514ab11a559876edbacf79b8af73f2	0	0	0
e4303a37a813c9f1bd4cdefd9c754267b12c32b4	40	36	0
7294f8b1b260c76fc6cdd5d3f6e5125c4e9577b3	108	71	0
1789e0d6f5d4dd170193f4c13fb381e98597db77	254	18	0
be1409cc9a14ac2e28693e0e02a0ba6d9713565e	50	31	0
ce67fdd46fdc2eba8f4d546739dc486a5cd2dbb4	0	0	0
7956f138a781b2b4bd166c50e49bbad83d40c2a8	0	0	0
76553b0ca69dbd9439b46ec318d1b04bc0e14f1f	103	12	0
90652669bece7bcde11e16df3f5722d80b3c5b31	0	0	0
f8b5be0af45d2127b096ed41c11d3c0d7244df8e	0	0	0
3872e49f6fa6835e0fca2229bec41d1b3cad4553	0	0	0
4eab48f4970d2a98594c95add6106780e5b2ea6f	9	9	0
4638b5585210ecbd7e709989467cb179abd67080	16	5	0
677b5ccb7ce214eee750fda70eba3643d8c7a6c0	0	0	0
b3e514659393837a6e824038463c0a98efff2fdb	0	0	0
83e0ab896991dc89af22e4a3b82af47f208d7f26	4	7	0
ac5fa3f54fbf47437ed86bd02cd0e9fdb9edf5e6	93	24	0
411293a0b1167d0e5b6763f952e7bb11b4946285	0	0	0
ca4a91dc7ef01c34e3849d99fa3764003fc89715	0	0	0
06889c82fdf2093aba800b31f89628fbfd0c08a5	23	10	0
51cdeb407cfb7887e647ba7d34718232e6108409	2	0	0
3289ebbaa48d85ceb9dc5154f5547f37cf7d300c	0	6	0
159ead6f1d503c635957b7b92d122043321d8451	53	10	0
3a5381499761992e1023b27748b18e280d7ebac2	35	47	0
2019d29f908ac61e0b4e10e329d47fe8da99c244	3	3	0
a378ea163b7110fa6f8aaf5fb07986d7901b1950	37	46	0
6522d3f4d2bc7de363b3c2f562a2e48cafa86d45	18	16	0
3c4f01f6450f55d2fcc605f66c6c6584ccff1584	268	86	0
593c99c3cde9d9f24e62d1e613108e3c24d73d4c	0	0	0
ad26e22dffc35af991d32bf95aa8ada9f99322ed	0	2	0
73ec93cfa07c860121d544e924fc5a425a7564d0	68	10	0
04b7553698d38b10f53aa8861fb07986e469c34f	0	0	0
2cc142572a7ef85dcd4b07d212267f442e6be9f1	46	7	0
c14cdd3673ebdd8014118ec961068ee51f2327b1	6	0	0
13ca3f3b80e3db3f4a614eed37bfe9ed0453e306	456	420	0
fa718b93f22ce17a7f041b68bbfb2a74ac6d3dbe	2	6	0
a1b39d4a152f932077bb678a7d4816df4b6fe591	4	3	0
8a0c6f4215a9c526a5a49282e35c84756f34e681	3	3	0
0f83f51644c17aee216031f3848866e182cabb67	0	0	0
b0aaa7de5b28375cd34ead8c8fbf14e3ebddd30f	0	0	0
39d3a4f269333c922ed3db283be479f9deacaa0f	0	0	0
5897852dba9bbaf78f73bc34ed9cbea5f7c9029a	92	32	0
902bee6410a565aef59ab6b9834fa9e1ead3a742	2	2	0
3e5000f5f5b30b838db709fa95228e556612eacf	0	0	0
1b59e3cde6457f81951f06c31548cc2064ed69c6	0	0	0
50448bd92563db79422b4d7207b7e06f476f5d6d	0	0	0
09555983be93e5278b1ab8a71e3ca9f54ea6c374	0	0	0
835377f0e1cd215e791ed29c0bcff95e625f299c	405	10	0
b26eaf3492a43821f648d8a8f87d8ac3488f1cef	0	0	0
373b82bab843cc84c22b99f6511f8fea974fd2b4	16	2	0
2de93fe450b909ff76ac8bd8fa44296a515845a5	67	16	0
e8247eec1103e387e02bbb1e8859b4d468688f48	259	103	0
e51dbeb47fbb7131ca96c58caa479f53c0b8633c	7	7	0
07a12868bbfc16308b7bf192ac3abda77d1f2846	85	41	0
286bf6913f3eed1ea9ee3e3523b2e8b6bdea56ba	0	0	0
053a9d29973a22ca60a02614911fc6e164d52244	0	0	0
4b9fe5ea71d73ba26ca722e3919b8d0afe84ab86	78	32	0
f0ef24a5e5df110ae569c1d3085e3cea8b454d9c	5	7	0
d6bbfd76d24c044073764c5d074a9198c69fafab	28	16	0
3271f3d03d75c675ec1e466434eee0834cb9841a	10	5	0
88e4d9dcda14e83445c4198aa9a3096d202f1cf7	28	0	0
e93d5b27f1cc2c66df39b45be321e90c798bdc9b	223	40	0
3b026478e552875b876c99b52384c55f8281ae50	0	0	0
cded802708fac417369affbd25bf9ad2016a904d	0	0	0
ff6a2be0851511a686ddc190d09ae9eb51e9f0a6	16	2	0
b7873a59433b252c54c6c926cda711a6abf55374	12	0	0
8b75543a5375832333468345ca68d3ae6aa88f64	248	17	0
d99d93a46cba7caf5ed44dfe4c2447a34ad0e383	337	23	0
5c9299d60f66afb00072ebeadead49f4410aa11f	0	0	0
c8cc54c7271327aef19f75039472e3250cae63ea	3	0	0
3b65d7513b69c436fb8461a630d2f35bf418fb6c	0	0	0
7fd0884b0d6577162d71aedc460a588576cd483a	0	0	0
5de4fa3d8acdfdac353bb54fcaa8c8e732432891	61	4	0
52d365041759229ddc46798e34ee845fc1e26732	136	6	0
48adec48be35f10a8fa45ecf6a7bdfc3a10a7f3c	0	0	0
9d89dd1134e43c9a4d5e76e2314557e889f2a171	0	0	0
8a06bd1ccef382461c7b0a63f2012f4aeac90753	4528	434	0
967c3a71bd8eaf1ac29b2702173115976874bd8e	0	0	0
a601b032915e85a5f693e7ef247700fefb950a12	24	0	0
8bb13ba2f8fde163eb0b988ff308a7b347bda97b	0	0	0
17b93773cdd9546e6a72604a0722eed05dbb9bbe	97	11	0
5859e043cbc7bad30c7e2e06bc33d11e92037814	0	0	0
b7638e885b7f20be6861425e77081a0d8ee84811	0	0	0
72b37623e3f9ce88cbfc872e20f2a5a721619c22	0	0	0
552d84cf71902357a76cc65a4ca402a3474eed49	0	0	0
3aa6ec137e59ed21896b1649c2de136497291a8d	0	0	0
962b6dba1e58d17b4d39cfcefcdfa48e64152d5b	0	0	0
1b8e963d369254964e5e0b4927d8477d78537a0c	0	0	0
ba5155aaf5139004edaecffc991e6988927dd276	0	0	0
d497aac4cf8cf2144a377e46011385b20fc74fa6	456	36	0
6d55d6d0b7c23829b1f1df9eec5b0a47d5ff4879	179	5	0
27ecf981a15554dc8e64a28630af7a5c9e2bdf4f	0	0	0
b70b16016a379d2543c6e48a185f6b8603ab82a5	0	0	0
a14d9adf14cf4f69f23f888954baf309111db8ab	6	2	0
0514f0d5cb855471f9bc94d8973f5bd0fb7088c2	0	0	0
4a119b7f08f1834abf224e360f605a87fc45ab46	2	0	0
360f47cc0eadaa5337ac86bbb4d8441ade2b2b1b	0	0	0
fb5a19c22694e28f81689b1418bc756b2d1c5f7b	17	46	0
7c2b8abe2acd5791e4e3235add5dadb9a95e6522	555	163	0
931b80aca806fa08ae858fac140dbb7ed0c608f8	5	0	0
5fafa4bf42dfd4c5bb4e46ea60741d6e53b9d252	0	0	0
2da625a4fa8e83eb44fff3bf654fbb0f314883e4	0	0	0
a10188b89f7253e8a383ba986928854646375932	0	0	0
0fbe03bc7c1f7829a346ff9aaaccd96b2794d860	0	0	0
42bb8d50ce03ff1340216d7e059a644ec88bdef5	0	0	0
8baed1db3ccd28cc0e8137ec9301c54e4e268a77	3	0	0
7f29a5eef594b7b9e27a84d91245db125320fff6	0	0	0
c070ad5dedce55909e23158b559acfea8e9e37d2	0	0	0
f646e77e2f8fdcf38b8e6bd8e10a0361ad6e8616	0	0	0
ab196d19bd39a988e252d1af4be78d2709e148ca	0	0	0
85b5118e18df8ea1f060e0f4b21d9bddb968d772	11	7	0
97a20865b2a6f8e114cde17528c6c9937305971d	0	0	0
c792ba9d6466f9d1834e0b04e26b9117deea22c0	0	0	0
bb5c2a8625e4ba00dcb3f1e77f1449ecf78f7870	0	0	0
79c8a2180d5b6f5530f0c00b7fd0d29bcd68b629	0	0	0
09cd5db55446a4b390f82e3548b929f19e33430d	210	14	0
8c325676106482aa467715c19f5833c0314af646	0	0	0
c5f17c0a3bf5b3883ab2130a83cf1c59ca65ee71	0	0	0
8c50ba620c81037d9a342e4f0fc8a4ad77300b3c	0	0	0
0172a4f326575999c08957659464083811faee35	0	0	0
9aa90ac21bf04ca13e767e27c8f4c35538210839	4	3	0
aa001687c348368336f7a053393344ecb0cff27e	0	0	0
e9e6db318ee52f042237fed3fead6beea6be5a25	160	19	0
01182bebab3372fb0946a2529c65a5c74ad4ba7e	0	0	0
a6c72648f460baea7d12992a75b37bab4c7b02b5	0	0	0
2bc121b89458601c48dbd35de853548e00cd44d8	0	0	0
2b6e7ae859094d735816df9339285f3d59960353	0	0	0
b9bce4e755259b8a3f440e06005956937725065f	14	8	0
815f5c394183617051e6626d52ff4edf80e5bd3a	50	3	0
1d3f065c7fce7b09d7950cbb25e4f9f52cb9cd48	71	9	0
1ea4a2259333b858ce0dc236c7a4a7c5ea6dd0d6	4	0	0
fd14f4a5661953fc4fa4e7844053f887f3bd3dda	0	0	0
3828141ff8c795d3a15e4bdb57d21e85d6846e39	0	0	0
66e83f6729f3b2163c1824ebcbb1e2e55966122d	0	0	0
ddce585502b6974234a9901249c6cfaad61e7400	0	0	0
f386afe13439069a0b1dc915c734fd90988543f4	0	0	0
77199ccb8e7a6a72c29c3ebd5cfdd84ad9145ca6	0	0	0
4d24c7308d305e01f48ba36a072e9c5a907e04cb	156	125	0
9350096d66c4e405f312a453185471b2306fb9ee	14	3	0
124670eb739d064e6bd01da451e92fe0084bdc6c	0	0	0
8f326d5f5b2af8710ec64941fa5db7bca6bc06da	5	0	0
1c1a2c785b4b18e639ff4497d96d721aaf11eb40	0	0	0
3a7c6a5f010086a2305bbbde5efbf6ddb2e767ed	58	10	0
908ea4084ea7b38b74b1fcaab7bfdf108d2a6093	0	0	0
cfff3f06ae5c208ab566ab4fd941df835b880e53	170	53	0
8de5ad8d99a0f974a4393cc4eda546c66643dd96	0	0	0
b2703be61c7d6e31ec2b535f5f130b1703eefad9	428	149	0
0d254c8df43acae08c71edd299bda35b593d2f06	0	0	0
d66048c73a550aae8d34ccbae6ec384f3e8f74a3	42	3	0
b407b1593ec6d1b3879f532a3aff700cec50bf75	239	41	0
62888591c33968c3bf4fc79bb843cae9ff3ae5cf	135	9	0
6fdb35ff1e1d3fbd1f5f22f9d4a8581ef8244851	40	19	0
67019674379e6fac647d5eb23b694f1172d2849f	64	2	0
67cb77e74d0d8389a5d58781d7ed9b44ca3b3c38	2	2	0
a351209b3bd7e3123ce742789063784f6322d7fc	6	0	0
e269cd5f4f76e8e2472de47354525674ad434659	0	0	0
6ce171a99878f745c0b7f212e27c9064f95cc4e2	0	0	0
ba96bd8a68c8eacab3a9e61b401cab0f35c7c314	0	0	0
6b8f0cd84e22494a664fcb7369d15286b083a1ed	16	4	0
1169a5b5eca3982d24359c27f669af429ff71157	0	0	0
c7830c532e6a8fe0d14c82f1ad1a3ebcdfc83187	4	2	0
7c3fe9d224e318a842b27113b7594cc7a33f88ce	17	4	0
87fc5e19bfae81508de96b4bb86d0aa1d5374c1c	55	8	0
2c271faa1517ddaca0747cdf8760a1fb670f955f	0	0	0
415bcd091228caef78e0d8b7bbdbbe67c48dee2f	0	0	0
7b3ba5fca5802cec37605f8099c6fdead6d3c872	0	0	0
a9718779da86d9e61e2432e6e87c031db311f42f	0	0	0
620f9f4c22192e17d0fb9a4bb5486dcd2d8db2bd	34	6	0
6aedadb56c4e641cef88c959437348e92c526c53	5	3	1
5591a49be229384a2e7384ca65e34b9ac20ed9ae	255	86	0
7c316df02f9321cbca3c5ef4decb1c6554f11afa	0	0	0
d6fe5fc44988f83febdd6015032ac3e124a1b7f1	0	0	0
aac736ae182ca309442a8e48cc4d0cc66b4af6da	0	0	0
862d025849afc49e86e5be5ee904b29b8dee3157	0	0	0
0763fab1240c6361ad39a64798ab3b32df7fe4d1	76	4	0
6847f8e716b15e085afded103aa5a9e176084afd	3	0	0
b446ec638e1614136df52b1a9a82699aa9e4a529	10	10	0
65913ae86fd0ba91f24fe51d0c3deb0aa6a347f6	11	2	0
8ff14a71216c56ed5b5aaee28977a03018108e53	35	2	0
24e7c4eab33fc9e50075fc4f9d5164531027746e	6	2	0
d4270af659d09ce5a95c6ed764bdb7017c2ad4f9	326	2	0
7cb4dc74b608f0bee610c4681c776f315c92e654	0	0	0
86ebdc9a903034252f909b0b891cdc6b0e654b72	0	0	0
2ac31e78184ff27f3e166ac52b8b88462c129145	399	109	0
084803d257c58c908108d2c30e1095af8a0e632a	0	0	0
cea57ef610966c61ad4f3f0e9490672a0621f37f	0	0	0
50c872c86659eee9e32a2e8bbd8dca921d5ed115	12	2	0
c3d709bf61369a08f9da74a2467f223662ce9b2f	25	14	0
b688e8b3a9cdff1852c44f955a8c8d0703030905	0	0	0
f50c899f129c30cc77df97408b98196ce309abb4	0	0	0
0a9604eb598e22f9d672445317480fd79346dc79	0	0	0
bb865ffd4f99b9c6a71a16aac74f7fac193d3688	4918	4918	0
46aa00b7d5ec97018ead3d2fec6b8ba5500c629b	3	0	0
a5732d25155c5cdde2295957d6de09c277bbc9ac	0	0	0
7d937fef0e690a0df1b4cefe67716e446b4158e7	15	3	0
8d8e234d844d81aff4e7a093949d73bdd90afd19	3	0	0
829b2fdd8a28944e1c19906cf6fd615d042ef68e	46	11	0
74a22f4eb48c392d820b69e6ffbe3444edb79661	0	0	0
3e7b0a5d019b3726bcc385f3edef8343113a37d3	0	0	0
e84dd9004661dde04bc738e75bb02c67ae09347a	0	0	0
67155d1f38a20d07b2248880561fda714418e5fa	67	8	0
a5065590468b0c2a8dbed0bba8391bd5153c0217	62	34	0
c6a3d5bc921b1a68be76c6fcf2750fae176e8358	2	2	0
3cf7cfc21c69f38f97cc059ed37abe8f356bcef7	8	0	0
efec318a6a95417f934b34f468aaabece5784a0a	77	61	0
ea52795eb7e27024bd00ad4ebef1e99c0012574b	77	58	0
d25a054da357cf1fcad07f80131d69434416a73b	10	6	0
57295cc197052c13387589bc7e1cbf5007f6612d	114	5	0
2a7782057185f43b4b8dd66167e90a4bafeb0a3a	62	36	0
9436a70a24d62d38afea2692d2413bd935981b83	2	0	0
19e4b850e48cbe8f100ab23cada9f2ea0a05d2be	7	2	0
a6528185040b0f782c3d59650b694cf478e01b6a	0	0	0
ca8d611d2db1234bfc0a3f64f2a2a8a15021c8a3	3	3	0
89448077733a8d025734b79346e403cbcdaa9cea	17	0	0
68a0f7315d59f4a8090b3a08bb8dab8453bb2fe9	32	18	0
80ef32504a46387e051ca9b58e1b5b58b387b358	2	2	0
7fc3de3a05c9ace88b0e6b914750b2712f43f7c0	104	0	0
05bc123a83d0e355f703001c78b3a54988c678e4	0	0	0
7b272f5d5e4d1c170bc72c9b79a462517c06d6d4	41	6	0
058185d6359393e3898acd745f341f1799b276ce	0	0	0
5420ead4bb71dfa83f09c4cce72fa72e649eac62	9	2	0
54eefdb4fc57e18f28bbb520e4abb163de2f936a	233	164	0
6c483a2d67d4aee937e0f4873e4b410b7008e703	127	3	0
5dd0361a5db1e2a5f998344c8abdd0751988eba1	0	0	0
a6dec3afdae22bafd8e8fd3c56b258b2a3bbabe8	0	0	0
7e1c76814a267d52c4392c7c181e116b3eb31233	27	24	0
ec70dd2c43bc1d780a480487fe4437cb95d01e65	8	3	0
fc22886f0c12c0b28780dc29a10c334d1221d9b9	12	3	0
63b1f92102877757815eec5e0866b7a143868e2d	409	2	0
b666d3bccc2e8a0851c4b68024a4c3ac2d97713c	3	0	0
4822626f958742baf98303fd9cdfcb51ce95cb46	0	0	0
f23b85bde1bf53b284a85a8ec6c6251cd63e9feb	29	5	0
a1cdea63de42ed1eaba224570ad0304c224b21c1	0	0	0
605c8d1b0db0baa57582bb39229c80bfec832ae3	0	0	0
c62f2ffa7b9fb026004f66d788ebf1e293d2fdf8	151	2	0
7f069c0e084a74f6de661267b828ff3fde30bd11	400	50	0
b770aeb0c8bcb28a9b653b1dc0edac623c75b509	0	0	0
a452d791cff92d65937142c3475a9894264376f6	471	70	0
6503f12e144bc6b0652f7adf558bdc28c984e6c0	0	0	0
bf1814b9943588ac25b46aa158d994f5900b9202	8	0	0
ffd23df5f0f5038bee5c3b05f54f12a80f8098b1	50	4	0
2bdf4678c70ff7639761c459708922cb2309b078	4	2	0
3dae9c4770f77e28fa6bba07e58133f1530f381a	11	0	0
a752eee7837d241d79151fa6053571df7a00761e	0	0	0
8aa5794e74f469088d3c77035f17c120c53026ab	98	37	0
e0d3b8fc689a6cbc6fbd111a2707b1af08fd0b94	0	0	0
b410a1f3a0323f7fe9046f6c11f4913eb1a3d947	10	0	0
7192b8dac65d27f813f6fcbb5bf8a0e4f57e98e9	223	33	0
42dea0dcfe6dd67d2bae6d3dc4646891a0dca3df	122	6	0
d91f65c07692875932c15e563f5596727bda0fca	108	6	0
fe3824a993d02c61e82e3baf5b315776a28eb375	0	0	0
f9e2f5105e411e01b29f79e8ee0aebcae769cfec	2	2	0
8b4cc5290fe83094d2f5798a129c5306ebb0abcb	22	4	0
7451ab2a72c6ac1a32619d20fb626e3f43e171d9	0	0	0
631872e79957461e70eac0f4e7d033c769fc8a6c	0	0	0
67148f0f0c5deb34c57712ceb2f0ca9bf21596b9	31	0	0
d05151c3e7095d141f1560c1a27265f29b2a30e6	0	0	0
ad7113ed56f58f3d2c308addf2c5785114cb9899	134	0	0
cf5781ddf0922842a871988872acdf8627505e40	317	33	0
48deaf657120a1d076dc86d016e09c29be7aa236	0	0	0
33f17b51e8cba14dadf7522833d0088ac15b2dcb	16	0	0
84faeefab2694792e07d24e07b00f51ac8c3bddf	0	0	0
6c0655b1ae1a6ee182ef56d9849f73d7a3362f89	0	0	0
f4fb6a2a5a8912b0e5a8fec65f0079d28ce9dd0a	93	11	0
77377b5b683b536c9ceb3bfdec567150e0ef18d0	19	9	0
b955cf62edbd18caae22d5c4a98c43a5d792844d	11	16	0
be944d15e8b684cc5a300665f2fceb19dbdad654	22	9	0
a8fe3f3be3b77273950d9e10bc2c51aadd1902dc	163	9	0
dc3267b0ec40abdd67833a86e7a6051e0b468a4d	16	11	0
e3a488b11e4e0e8a124c7387dad98ecd286ee1eb	51	11	0
d1eff7a27be156a5b4a37bd6aff4da446dd3813e	19	4	0
a8df46db76ee725411ff4774debf8a6352d12c6a	100	16	0
973665c48a176227a681998587f1bd14f0ea9578	7	3	0
2ad419efc40456c3aa25b1cba0624c39d0b49c7f	49	6	0
a69b56620a12ab4be2147dab6b45a92c85bca1f2	76	6	0
579c7a4736ee03183e6cba25d7d20dedb6f892dc	94	22	0
33550d6ce719b2cedfd0fa8650c4311dd9077d97	49	0	0
32593f56c1c084a20f3a76a39b70555607ea8982	0	0	0
fb01942d1ffa59e64bbc874abb00b9494a7d42ad	24	0	0
89fe3cda9b40fc457afecec313661e35e28cde16	0	0	0
c3809a4187275f14790b1f84808389d55f01ec80	4	2	0
59d34fd3f85c4453dae93eb5c10b8dd24a388e25	11	9	0
a4211cadba07476bc4a3a49a837af992dee21a7b	51	324	0
ab720e321cff0e237b45e4b8d00ebf61cf66ab0b	11	0	0
38e3a782acc746e8d7aef56983c21c13e6486c2b	0	0	0
a29816358f6ab72d47aa100ba3c8ca37ab360a21	0	0	0
b1f252d4bc795dbd4f39e40f00398bd6a9b9d0c1	0	0	0
aeda031727655806523fffec84973cd65d4bae62	25	0	0
f26bda98b95e5c3fc35c177cf8fb7a3898773d70	0	0	0
a51d8a94bc1150b55cd9fb6992cc5187e600184b	16	8	0
b8306fa5a9e16da6981a2fdf2df059149687c7e4	116	2	0
85f8053448871b9777e54e546a968f9c4d19ebbc	0	0	0
7b4847231e4d890b7c4b256f2995993b821d697d	30	15	0
36724d557a18fa9ee47873b18f6e963516930dbd	9	0	0
da74b8df26a4c80f405bd2ba37cac4dc7a594b4a	0	0	0
2bbba7b876dab45f8d36888890cc37942f220cf2	0	0	0
6386376b9bc5ff0d3e92f49cba3010a0f39f1226	0	0	0
094d6a8a7741e816222b7d5582a83f9ff84c67e4	0	0	0
b200af37a7ddeae44bf74fcc96829625bf926a44	99	8	0
055e8e71767e287c4073efdbdfef944a7225ec5d	120	63	0
af4d8207f372eb3b6e7a929017c4cdd035fae11c	0	5	0
70a01502f040ce102dfeb82eaff0505c376d95ff	0	0	0
e179d718709afc61e4acfa0247679cd8e34684d0	2	0	0
c800b4c9cb411ca5fa0e6a24e02a9776da937ee2	0	0	0
7db3ef7fab350d5a5c6c51088ad76af0089ce51e	48	0	0
57ee42b35cc7ada5ed87483e1bed1d80919100d9	7	13	0
3e4534d77dd0734c6d2dce0ba7f41f699d8ce180	0	0	0
e11c460e05ff9051e06d4c6a78d7ebf802fa9bb8	0	0	0
ba0a4eee5c5c7f9e54d4c2d15d918f15d2ad24cd	0	0	0
8f2bc0523ce0638de19cbc3cb6ba1d2ae7b46cf4	8	5	0
6d7f3e08238e47fe2b66764ccee9c74deec99da9	0	0	0
c50168a1ccd4396db05b781c36ee3a497a6ca370	138	11	0
b3892c673120e7fd8859f6d2c5f4d67d581ef658	7	2	0
b87749ab29e0d37d97f7c7dd8e916a94cb2e845a	23	52	0
1bfa4c32be7eeda081024616b53bed5229d65c63	263	20	0
70ce681e3a5e281b43d1f9e9322debaa51123df4	0	0	0
6682c8c66d9d6e67e0d3e76ac6d6d970c2ce95db	69	51	0
8841d5e343864a8c6cc6b80843bfd1c77ab2c14b	0	0	0
3e8141d7f4a59a55f0789573bdb69b08f0d964f7	0	0	0
3c832a08d75db058ba327097084905771ed67b44	0	0	0
749e7be3368e6f23fdfca205cb2b7a98603b5c6e	43	24	0
1e4b84f99387d54abb89fcbc2e71469f59ff7c75	0	0	0
7e8867d46f9309f55d945c5fa9a182162844955f	0	0	0
d612bb4cca0f916b055ed49bc4845dc71b699740	0	0	0
10705ba6e763eade42e8a2e54acabc181f5b2400	165	4	0
595a031bdc4d919f4ca03df81c98b59cff5c0f28	0	0	0
538e5a82edf64c9560d9ad5d771b4ac01ccd595d	80	42	0
cbdb503206029dcecd227b24cbaac94602da06c2	0	0	0
c7d5d7625200caebe8614fc2f8f6bc1a174829d3	0	0	0
116e593ece0dc2b924130e31fd9a366891763d94	0	0	0
cae51455dede772b8cca5f73052e955028fe3b96	323	102	1
fae9cf72bd1d6be3eef15a1b8dd1a6556750e4a1	0	0	0
8096030ed967b20dfd6d76e0ae275cca366be15d	0	0	0
06e2871214d08ad36c6dbf69ae31d8ebad649e38	0	0	0
76159a4e0e349de530f66af1734acaf4ba76521f	0	0	0
f1660f4af5f88405efe2a10c9f00fd4bf9bc451e	0	0	0
c89295cf05eef61ef7972cc35414cd6b505ead10	263	39	0
e57238c7328f6121c6908098cca227c15f4f8a6c	271	78	0
0a080a18d4d827dbc72b324b68c34374c370110d	13	5	0
a9d0ec71682811ececc47c776b8cb1144cb21e15	19	8	0
5ed71e34307d4cd763058a3c9a7302c8650ef437	0	32	0
63542a1390b8e13039187492fea301cc8c2e8bd4	27	13	0
d3923877494182b42d6ba677713a800b8ec84a93	0	0	0
10d8f6e3e26de0549defdb22d67ca4231811e543	7	4	0
ca4b3f356af910b225d3a739bd9393c7663b2693	678	54	0
8d40a27467396ee1e86725d0fdb551ace1b5184b	497	12	0
a67fc848f0da853802de083c4a89959c68d31b58	187	23	0
d9f4c0eca4ec6609c3a74b5e3adcda9fe47a6def	0	0	0
30272b57234fbf79daacfbe0a4220fd1c686212c	8	8	0
aece51d51b3e98177610d164e8039f24b38af868	51	6	0
480b3dff4a9759fcebf24e7c446d84a186742d8c	0	0	0
b5dc0ec3c64a85cf194ef14e7dc5dda4140306cd	0	0	0
9e2acc07bbba575074b638d9ebc2b17c1a8a063d	0	0	0
1f80586b87f8a713ab17e163f92562a41ad484ff	0	0	0
62260696bff73b1f680ca52ae2fd79b2e875fe24	0	0	0
6073b35bc581ab69c48b997fadf0d911638eaca9	0	0	0
bc7ca9b2aaa351d040e46a94237c6b8368e3f208	0	0	0
45610e9d83a005f2beb8b56a04954a70dedb171c	0	0	0
e68d6002688f02051d6d3e8e6f88a7e411d85f9e	100	5	0
1d5b5b9799e8bb255d5ea5a45d29d9580048038a	0	0	0
aa3bf1b886931f890b7b955c922c1da9a8eb5a63	103	11	0
1b4bee7a2489928555712aa709bf06b5a4242ed8	0	2	0
6125ab94700778dc0a294416df2a1ee7da8a1121	116	3	0
69a921d45cf0217ff5acc78acf1206265572f60e	0	0	0
ea075da3f240226ccce2a80ba997e31dc97b36ee	137	0	0
a56a41ee813e5b62002fa375018bc452496ea5e5	0	0	0
99a6dfe2a75694a6a46892c99f3db88b14d99e55	0	0	0
960f23b681f21b5f86e85c2571770d2f42b2cbe9	6	15	2
00d9708df5eb531225cbf82707da08f7cfe9d334	39	0	0
acd5072862024c295cbcea3481896a160bb87588	164	8	0
6126fa94ec7f0ae7fdd917f2d3f08d62e7634104	129	3	0
a0ef2911dcef777dcfd0a4d5e8d63cdf280c9b60	446	29	0
683667ac693f4b1f4a5d7f94e6f4125eb5641b90	16	9	0
375779d52ca424a2c7319c5b55d19f70cc18661d	0	0	0
a1d17f2c50dd2d4f3074e7a5f7cccba4ab27034c	0	0	0
aac445463b7f4842863eec9ab2661cfa8a7ea33e	53	13	0
82067183f782e9e5eee6dd840ca58b430020d632	0	0	0
814972b94466940d716810579582543560ce9c14	0	0	0
9bc8d511b1ed3eee78f89c173a724a9012914707	0	0	0
380f215748cec7772cee5bb4165cd098e88abc30	49	8	0
c7641688a59babe0ba9069d4324034f3c7847feb	85	5	0
a804b0a810501e2359bb901d1f510bae041ba110	0	0	0
67c9a3b06e8959500d1e0677c0b9e1e327040d5a	8	8	0
0b50488351af8395034f7ac28182d7984582307d	0	0	0
2c2df31a65f4684488fead999687569dcb995a1d	39	15	0
93821df1aa83099b680ed9cda0b1fd1c8e073cc8	48	79	0
498ac802ef7e1051414925cf77fdcd7d248fb2bb	90	79	0
7e60b96abb558b77cee78d78442952ec1506638a	411	37	0
500e7b4943c138c4665b026aad542d4ba7d0161c	0	0	0
1b7c4fe9f3fbc4c0a16cc083792878b8938740f3	159	26	0
28a72efde5ee00bccbfe3ebfed388cc921221baa	4	0	0
7ac9e2593a943f64898413423250c6c476ac1ad9	70	44	0
c85c3a1790f281f58e57e73a2a2e078ec2b31651	0	0	0
bacc7aad8006a26330a3a46d6eff6f587add8694	131	51	0
a64215dcf784f7dc52fc88d7b05281f47623d31d	0	0	0
641e5bc8b82104e1d452a104ab922880d86f45c7	0	0	0
0d9b77c62b029a29066a86048d0bdf501b3d5372	0	0	0
afecb3a1af0260c1cacce52d8149d94360569125	83	39	0
97979b7f150b137aedecb2d3560f87ec545d8912	0	0	0
ddab2eea198eb098bc419108cec6efeb4ad6d9df	0	0	0
779f15dc05487b02ffe56fe2f2c9d1f0e5a977b4	109	45	0
5309ab461cc817ad878b6d6379d00b39c8365945	0	0	0
49d44d241111dbe0fd1c672db739aec0434eb6a6	0	0	0
f9ca21c802aa85294f499efbe8a0e6ee976bcddc	0	0	0
fba536ba82fa3678d93ada4f501f22f3d3104ce9	75	31	0
09112fa12a462ea0be8a1637c1db60615f40002f	114	7	0
6043fda33e86a1129a9767483ab70df6f0490173	0	0	0
7be8837d34cfa8da501cb2edf3186d8acd8ce7c3	0	0	0
b73b1f14628054c06da78f2d6a9cdd2a614a1cbc	0	0	0
9ddd18ea1ada2342da3a7b339356259f4cd39473	0	0	0
29003776ea3c8ca37634b0a7a41ed92d6522b933	0	0	0
37650121dfca510dc34d2560c9f5354ce1700186	0	0	0
78236032b9720bbd67aca7dd72d6a2d52f017ac5	0	0	0
92b4bd14c5279670bd9f54306434d56295243d07	0	0	0
bea47d0fe7ca358ff145fd2c0c68fbf1748960e0	17	0	0
d28208909bb3564c86279729e0849b1493974ac4	138	0	0
051c2848f96b46bbab989ba49b5b9fc04c94faf6	0	0	0
41ec40fb9b16fe7c63f62b5095ff959b4973bc05	290	44	0
288830d3157d310fb3d66fc036ef3a80dc6dcdd1	113	4	0
d1b00b32b5b5525dc47d795853f78403ecff1f6b	57	11	0
605a4e23d0cf3aabe17739c569d8ccd91db90a1e	108	8	0
48d66e2e0d207727ba70396efa9ba559f63febd7	154	21	0
3926cb41e43629d1fea88b13cd8b0a9e5a4acec8	50	34	0
d00f43a19bd42060ee2375ffbcab4653f6927778	87	66	0
36cf6e64f92a57588a19a26c4652157b4e6e265f	0	0	0
4e2ed1fe356c0ea5f04a19386dc93d7ed31c5eff	242	160	0
13dade11ad4b31b88c526bd7ea17d9cdb4bee48e	0	0	0
6e7b73e04ee965c2692ea325251b90be4139621a	0	0	0
d8bfaf1c72521364df6cd2eb95b7cd793fb8be0c	0	0	0
ac5a3202ca0f77c91a25fe4283d228f041a6a089	0	0	0
13fbec9cedefbdcb6e9f9dfeefd164308bf97dc0	2	0	0
e14e50ff4736224212bfc8f1ba038b595fc5759a	87	99	0
a3d8b27678e27e8fec3172e5b5538807e0c191e5	0	0	0
76a17b6c360b1cccc7eea597d7b53afb171d90eb	0	0	0
a787c99b69d19c1959378a3e03e36773584af53c	17	10	0
3e0f530825ec613d4d527afb311f43e1d164298c	23	11	0
f91e30d39d4a7772df5101ddcb374f1c8fed7a85	26	6	0
1e0ecc6c67fb4fa928b0d57da0342915e2c26532	0	0	0
43776e4fa233eeda2bdbbb3ca4db5030d2a51a9d	428	75	0
d84dc077d576b7cdfbfd003e3425fab85ca29a44	233	31	0
e00dc11065f29e0d431f6a1d9e597d6ce8193c8a	0	0	0
a7c483d16e18c9cc7b5c417ed3e81b8935853204	0	0	0
c62e07eff56995b60b03340d3d597cf51b8bec18	0	0	0
a7bcf047f577949e96396588d23fde0107ff3b19	2	2	0
1d6325605f1c6344c045839c043d239a6612d18a	3	0	0
634243cc4bb695e1679584dc80af8e33172309ad	26	38	0
864d055ce287e14a046c50fc2246e29b74e7f89d	13	13	0
27d045af5c6b382fc5c787a5125f63ea730dc9bd	212	7	0
4e163743a5df20698fc4bfe1fdf76a45f2ec4ae3	2	3	0
d1222313af892252ea0c056418f28f0e194e2b3f	319	0	0
0538ac83ae496cd4a4f29ee4dd957c8643b30e10	2	0	0
cf1683f7d9797c6d30758e44b00da06c39212f5c	0	0	0
ff433f1652339b331f0388ac34648f22e57ebf89	31	12	0
423ceb78e736a7a167eb1ba883188520676eaec6	0	0	0
611e0364c198c39ab0445c35da04820bd8a0c3f2	39	29	0
8024660dc7003e1162a8ae7ffe10438316d58c5d	13	0	0
f6b2211579a0bfd71033b5fa477e6b56d9ddb79a	0	0	0
a209e60eb5337f1855ed2a9d6a038ee2c5afb79c	0	0	0
de63c672737047f3373acccd61591f4544c00425	0	0	0
c17d3501c94d43aaf430216f8a6ea714890eac78	30	4	0
f650291795d66491b326856bb7b987b0afd33d02	2438	11	0
b9b1adb37f49477fe2c7c50cd672f3adb1f67c4d	19	0	0
1ebe43dabfb0d2e39fe423ff59f437cfc3e0d5a9	0	0	0
4367c01fd1bf0c6b14a7093b52cc4b79844c06e3	0	4	0
7c0952f55dda93efb093f79da285929a13727320	2	0	0
530c9d96956c4855c57ddf71c7b6aa76b188fc5e	0	0	0
1d1bac2a715aa13cda6d14d0544bae7f7e00f3e2	161	7	0
2a45a47b0104b75a6d62a5966014efa0ee112121	0	0	0
f73be2a0d286609698aa7dd2ffc73f274e4cb069	0	0	0
da88e47f755f745f353d81e54162e6ce151e7b37	128	87	0
1bf050164c65186b0e72fab134eb1fea83bbecf0	0	0	0
9667399905588c91876e83bff64067d4b31adb8f	0	0	0
41a2f0ac9df73a06386539350732ee7f14904f80	0	0	0
8eeefcf274c2628633ba6d67f383996afcf5712c	79	4	0
06e55faf96236117930667cfa9bfec26aeefcaaf	20	25	0
977c21435abdf6bd04eb030d85edd532d9768b3b	3	3	0
523451930ced2c0dde3cd145e3e16cace682a741	0	0	0
a31d530327851acb231a6bf67e63ae4a8a61c3ad	36	0	0
6f07f77e16bb3dd48146b9df2b8a5ca429f075b3	143	6	0
34ca9854a208e999bbf2fa38d33514d5c8af51f7	0	0	0
a2cd570a3afce6be2822e30b7c99493e1a86577b	8	8	0
f08e26fc1dec101f5b3da37ed7fb756937941542	6	0	0
82eeb94d131cda3018a5179b27d24ea906e0c57e	0	0	0
f4061e8f7ad6c67555d02199fc34d3effd737040	7	7	0
2b282f03fdebe2f4d7ccc5413aac04638bdc20a6	9	9	0
839ecef3ba74e2119dbd177795214d3ae1045bb2	45	0	0
1dbffb9eca80268e7ebb611dac5afd058fd0f9a6	49	45	0
85c8d8a79c65f1f67e4beba92d813efad619fad8	0	0	0
aee36f4d55c093f263547486b1579cba8668eb2a	45	35	0
6b46e50d8672f2d845911261d6326e4c6242686e	831	0	0
6d3eba82add410b42f430990391719c1ca93ff02	0	0	0
a58353b4fd25d376dd7e32d7440404b9159126a4	0	0	0
0b3d1c6a7b46961e1fc501d66fb52173935306a1	1839	100	0
7f5105dd07539d70b8b7a25717503c64101301a7	0	0	0
80fac0914a891ae495ec79bd32f5606f12365403	71	43	0
3249687c7c5b91e0d4c7cd8b38da6283b1bb65c4	0	0	0
eb51de49f723542a17e722fa817d81605a04c74c	96	73	0
f6cb87e368b414a99c1270d3683ccbed2c49d8ce	5	3	0
556d062eb7351661acf2aac0f158278247fcc44d	14	4	0
137e7fcf0af230846cf84e51eda9faf052c11f61	0	0	0
d5036dad6041cc0d12d3e2d1d1c49a29c4f731e0	31	4	0
1538d107efb36b9f39617d33e883260c1a7e2027	133	91	0
68a133174bfffa25940a0289d49bd272f7b4498d	26	0	0
776db7808e27624aa125f1314b7fbb2196837507	695	121	0
7e10b209801bccc90f7f1e94f989fccfb4118523	24	0	0
e74a8149ebce642e6805afd3576536f27632bf6e	3	6	0
55e298ece5d8c1cb4bf16ae86a47de3c7241ba22	0	0	0
b916b3bbb643d6de07b962452685b8c5929f84b6	27	0	0
a4414196b310dbe62ee9e6e7e0c2a91fcd85c465	185	13	0
1fdcaaf4113114dbc27e1687f12efa14442a8d42	0	0	0
a2763e3cf5cca5301aa8eac25dfb61c9501e4724	524	0	0
9be9a3a1d03d6f78b4e55423d15f46c5d3a82f74	481	55	0
7f64942ba8e5ce00948f6e7b23271de0556b668f	19	0	0
59ac9fa78963ca746d21a62a27fde497fd4c4d58	0	0	0
1579a4d292cb1eb50b1138612b6725e4f82b78bc	0	0	0
9a01fadeb3f25ae6ae500c173f6923fecad9b5ae	3	0	0
db0f374ce739ab561c6ed7fbcaaf314aec0841ec	4	2	0
2be6b4dc25b55d86d15a68519a8b19630feaa4de	360	119	0
b5116d920d3a5bac42b1ba08aa5cef4a31801ebf	90	0	0
53a3d5530bd337625374396199ab985e115025ed	647	512	0
c1eab643af684a89b2ce957f60913c7710f7cf8e	0	0	0
d28681d253a333740a446b99dbc71907cb4d7864	0	0	0
1e4ed1c912a45fc8c36a4f4008b228fa55a891b5	4	4	0
b1dc6a62d4c2fd1144725ed0cb8d7412bbd5de87	0	0	0
4862611c4fa50d76024c0412378526854a06aab4	0	0	0
e13db919e4d1361bc3eaa64de4dbdcd01145da0b	0	0	0
7faeaa12f4da8dd076e1b7ac2e2c9ce288936e58	0	26109	0
772297c640f2156c2e61a32f9ce0da1ae824c651	0	0	0
858e308a70a831bcd6e131bae7d72449ec8ee7f8	147	32	0
e97dd3f1fe1e76b6ab4e8508c95cc26e0555a4df	0	0	0
a035a32e21026bf1c6bc7d3d99215d694d5dfa92	5	13	0
f28e66203772b3cbb5df1785b06eeda197b55d46	0	0	0
ea1baf0e285722ae8f7d65d7fed85104d7d1230a	0	0	0
cdd92bd1d0e6f3635349593e3d1590568263b002	0	0	0
bd959d7bd4b6a41ce1a386dbf9a98bf80e5af28d	0	0	0
5cd2fb1b82039a8b3b58b225ba917c8a9df18987	0	0	0
575c53253bf9f548f342c3371d05bc00d2c2363d	23	5	0
02d9be777e0e39dad366bc7a194427c3c2364600	0	0	0
02e2b883169869522716d591c3a3c9042f074272	164	25	0
feb7bece1af74972b425dbbc7b4b8438161f21e7	0	0	0
4bbdfaf41ee86b55eb19073d1ec848eda1377290	110	115	0
2bf093ec150923624dd7a042d8d9459d589b1ef3	567	62	0
c93433291d6f82dbcbdef0342eb9cc12bf7d376d	28	17	0
6450175d43af5cad35f137ab9e2c69b4f022731a	0	0	0
53e4a8c971b5bbc09c86836dee3183a92251652b	0	0	0
2a6f177a50c84b7998fa831db1ee54a2f6e2349a	112	2	0
0f44ca750b5de683734b1eb22c31117512d5e6f0	0	0	0
db0c2cccae39f93d7dd38a6d2c304a563aa73090	0	0	0
0e604b1006d0edc079004639e63477a800f2f9f5	127	20	0
1f56eacc9b3f56cdafaa0b4c16bb78ecd0ba68bc	0	0	0
78edf6a7e86622225292b603049e2f15951df11d	0	0	0
18c58fa390c47b74d2af7ffca7b87610568b37f5	467	83	0
fb9247c617f158f39612bf4dfc7343f101d98a1e	0	0	0
8b7ca576096ee541ad53e9a74a4c5483ab9922c7	0	0	0
09580032cb9cdcc694d0adae9f1cb897f9a5c215	235	187	0
6470dc244bbb3e30162ea12e7fb7d92a6074fd9d	0	0	0
524dbc6be1e064092a06c7928ce8feea092ab898	45	52	0
b67088488ed98f2d21dc374a5a67be622cd8e046	672	415	0
ae607423216819ddc13869e6abd21140cc2c51cd	0	0	0
d66faf25479ff3b0f0238fbc06458641126f5f69	0	0	0
cf75a4db7318ce00541da31d363ad93e04923a36	0	0	0
1b1d1bc68c9087e9f4ef687f5d5ce5d7c9be538b	0	0	0
d577dbc4e7c97bb55c3f464bbe30874495b31c70	0	0	0
6f8b8d2383fedd6fd4d792a40f8fbe85d3a7651c	0	0	0
c7ab72d2dce6ab4cd8916e3e4105fadf9092a694	0	0	0
9ef18fd3788eb37c90888e2cd12c84251e4db1aa	6	6	0
dad9d5791ba9f8db74e9c94ae9a063a7919cf8ef	58	11	0
5e530bd830f1ad39a3431dd8bd44a83632de2f1c	0	0	0
fc0f266c93838cf6676306617b2f82283f9a6f15	0	0	0
8030fe25eaa4a8dc50c28f464c448575da4f9ad4	30	4	0
519a45264453bf788a166d99e276869ced913daa	0	0	0
d43038a0c8b8881fb4624ef20a7b30b8511e6b24	156	114	0
478c37213eedcaa4e9a55990f0d99c633300a5b1	0	0	0
6858c10334bce9d00c1445af35488f484a0d5140	0	0	0
51dd9c039f70da96b4a5755f372ffcdc8009824b	81	16	0
ac85ac93af08b5292654422459d5ea4fea0373d4	0	0	0
aa46cbd04b8bef569575a8fe9932c74dda10995e	0	0	0
06834b9a48c4753701917cb890829241939ad9c6	0	0	0
fe2f2ced4efd1ce615f1f5efc007d6463278ae7b	10	5	0
b1d9f0a3ca379d5fbc5543bfd2c4bb875517357e	0	0	0
472048297814559b81251dcca98ee662ea09f14d	90	19	2
b6c3c7a94bbe873afcf7e25f98344d5dcb25b2d0	59	3	0
51cc82c2fe2848eebb8c1537efe775d24aa713aa	0	0	0
f9f2f0f5242f007e866b65e9624ce0affe6960d7	6	3	0
e1109ed7d6353fae077e81d2cdb010b570677ee3	131	55	0
575dcbb4ece807662af3b38fdffb6ad512025a63	19	4	0
aeee6a849dd7404d76307d60fdb2b573e51aa523	118	24	0
46c1493fac179d12acd5ac33aadae6549a0dd2fd	8	0	0
0850cf2fdf8ffd32b61e9b5a2b97955dcc6e8997	5	2	0
7eaf3d1422c40532986d8d767d59a8f56705c129	0	0	0
efa17f96f0d53e2dd8754ab44cd41f50b9df1076	0	0	0
a4f6dc7cbc951b9520347a773c09d60721b1cab0	10	8	0
08e61fd9e969d2f113a1b3959b199a5176b59b61	0	0	0
c16f5b46bc8ab67fd66d789bddfe5eb092542ea6	13957	0	0
30cff66e5efe6b99b7e7a2293061f0eea0def02f	2881	1242	0
09165ab0f7d7992bcf8cc43b734d91c728e42bad	0	0	0
b4337499e5c2864adcade4fbdab77cef93dad1b1	1222	282	0
b95f1ca96a76ec848519cd9d58b9ea35f8d75a25	54	3	0
2678baf5c1e0789d3acead9e91ac7f64e70d7e48	330	28	0
e096ab3ab7410ef23819fdfbce60b61a907566ad	0	0	0
2ae181498d46d0b5393157a63f3a9fcf71c667bd	6	2	0
fc6b7c0357344a80a038b8e8c55fce95b1af0214	0	0	0
957b54a6a0f0b221ef463cf856d2f8d8e0095be2	0	0	0
debd8a0368f8c81af33691c9d402990bb0976fd5	167	28	0
2dc07d7eca5da3e3ab4f7e33789a545db01177fd	0	0	0
29ccd07f651c101d4f6b6de6c9d185da0ab5944d	1231	5	0
8953aabcb954bcd8f6827d450f70b77e2a6e81ca	160	15	0
089dfe6c64c8c3e31db49a52017018b65af0586b	0	0	0
e22b26454ee215f40e907335484f909de5e377a7	0	0	0
a59f144fbc1990ec5a6a1394ab893d55094acbfb	4	7	0
49a05a7bdbb183ee594a6b518d580b07fd35e59e	284	279	0
2a8a3063d64fb935ca4136ba10bb15efeb97d52e	139	13	0
f8583e170a56a2ce473d6a90dc77bbafb956ffee	4	0	0
6bb8b641c65185eefd252e1fe38a933fe11bbceb	3220	0	0
44e2475ed44024f45ed06b9095c832d7750cfff7	100	0	0
1987aaa78a5efbd0560a30b751d089e6fb4d5801	0	0	0
805789eeb13d44d87ea680567fd96c7ddc5c94f0	0	0	0
eef40c00214c2440e3a0e18d6ea1bc707164e32d	44	22	0
001cdf3b5d180c58561940b6fa1b251928181f12	243	0	0
38592a9e79e8c5f8ba8d6a709c7c28e7084030fc	420	27	0
2f4e80d0172ada5cca58800b479889ee43f43ee4	0	0	0
f781b707210da366de11d3118ff0eb0f1e76f81c	0	0	0
472c93adc6e4dfc7dbb7b5a95d211dce09cc154f	40	24	0
2470b06a967ad18d8ba0b0c6dc52b5fd0965a385	371	220	0
28ef0625fde431d911a47de90bc9eb655812c657	521	19	0
dd8f018c05d06ae33f524f45a77bafdd4a64ba11	0	0	0
2e4157ccb3e6c060ef5a54a15df359a87ab29277	0	0	0
2c161ea40a6dea6cc5b10de518371f0a15fdbc74	0	0	0
7ecd589c1511770b96bf034a5cd7d322bbe56bc5	17	3	0
73719a1081b542fa7557513a0535fcb9c503ab64	0	0	0
22e330464a7c33f96137b8482e44f8ec8f86b78c	0	0	0
4e820e33bf4d1fb4c3d1c0fab981f6ba0c363a03	0	0	0
6ad91e3ff0b8f6b956c4d5cac596562c46947c96	194	85	0
318820301c8a377af8eeb126828cfeb361ea0498	218	0	0
1c07468bf45581bc17b19ba16fae0cc785a3d356	0	0	0
7ac6891efbf48f12a1b89df4127e56708cc8519b	0	0	0
af80eeedfc5347eb96de33a8f076f2169a7771e2	0	0	0
78269a99bc9eb74f99d267017033ea1d13531c5a	133	0	0
a1a877a468b9bf1adeace989cb0e55d74a1e5d5f	1042	1249	0
fffe0e0f1e2275899db903a925d68af53fd32dac	0	0	0
abc87ce188827d41e7e596fd1c3a3df0ca9f56e5	0	0	0
f8f4ce353d4a3624b47e757737dd877cfad3e169	25	0	0
cdc234855fdc476f9fa794120f58d635cc5485d8	0	0	0
11ff2ef50de57ef8f888586a2806c40c056112ea	0	0	0
b1c614b2ca982b2e029d11605717846af790870f	47	16	0
65fc5e579a1e659a3977808dffe51e2a436afa86	77	27	0
d688f88b1452b2156f45e3181a34ae340704df3c	0	0	0
b3a81ce65a1dca4da19f27817871af4738a6a4dc	2	0	0
14e09d6340d06042e5ba032f268aa068c3bcd09a	0	0	0
27c20471bcef452f4535aa27cce89c94c73dea74	0	0	0
8c2d084e9b77bfa10a686c292af4e927de3828ad	0	0	0
fa66a48f63230553060e5024ad8670a315e82a65	0	0	0
5749256a08bb3d9cc584a285938bdf14a36dec66	12	6	0
f4138613a151f0383bf55ea0608708acbe070cc5	23	9	0
037d07cb711b54558593b56d5d25ddfa24a6084d	7	2	0
e419600dff67353429353aef419d856e3935af8b	40	92	0
f9413133fdc674bb7b9de43cdd652df416f4a9f0	71	19	0
08f78e034bd5d6fc0ba1b337bf39d5d6dd0db1fc	0	0	0
b99ef6bc93b7d27ee9359bcd1b4d56856445394d	389	56	0
42e23d3a7d70964d177e9c10cae736912aff5521	9	0	0
df20416c08fa0079d96f6327d10c6f102ebabd85	111	74	0
892c491e49f8f2333308f10a6fb4367772625b07	28	0	0
402f64c14e3d51ba6426a7a570e4da1bfc43e005	0	0	0
0c9ba838da1c3f98a99bbbabb237d5c9cc5e29ba	0	0	0
f0da09751b34ad6969656df34bea7201632ef0ba	220	13	0
618b01886c3fc18fdca9cbe36eacc3615d72563a	2	0	0
dc9671d387830ccdea3faade5e7f388cb10518ae	303	103	0
f582494d46c662658f81338471acf9c40f8d6996	43	0	0
ab5aa8c07299b04cccf3d2ca8b5c59db4f69af56	22	17	0
4b16ebc144b164434f4aca40f103c216e6a4ced3	0	0	0
0051cd26087492fe393932d9fdac1f7bff8b7ac4	4	3	0
32a5d09b3bc5088e32b065fd3c011628ca37dbed	4485	0	0
a4e9208398d9c55d5412596dc7bbdb510a839169	0	0	0
945d570e2e2d2a7aa77fd35d5b50114b0f66e0c7	0	0	0
9acd61b97abc7ee4153e4670dcf11a80c27b64ed	0	0	0
23d4f2b1a237a3bcdcfe8f316c26a55c1d71ca6b	0	0	0
a2e02538cd652f8a58bdd738ccfd78b69a9165b7	43	43	0
cf0495acc9e53f96e1588f7812b02fe278621d32	0	0	0
691dfa44b48240a8917883f3065e3b25e633a58c	13	0	0
90dd37368463c49c1415564896d4141cdb674a6b	96	10	0
6a915d89d23d0323ffbfb2932c52f6c796d17a6d	0	0	0
7c30839a67e99b7efc44bb39f2370814f1d76856	0	0	0
6d3844bf7716e379e4974df39ca524fab886e149	2	4	0
b8ccc0c5708c11021a647dc4c1508499bc79cca2	237	39	0
a48ea12e5c455f3bb20ef42c3fe947561e82aa9c	0	87	0
d20f44be6442a5d40ad54a6fd3f0c117c3e3eb13	0	0	0
54bec37dabeaa6b65ab1d64b2e62ce412911a795	0	0	0
327b98b13d8d80a4eeda098ec7947e5e76071ceb	0	0	0
75abbb34e2d10b0c5fc955f76ffd17286922f14a	5	0	0
fb29d381c86987905415e4f098854509e1d708de	0	0	0
d8c332f95dc9cac6ffc17fa98541de4b648a69b5	0	0	0
a79444a33e154e3d5557842534e358464bc3cfd4	0	0	0
d7b6d491746bafe769cf49818ef5984673240873	0	0	0
e1a1ee81f1aa930cae20fa3fc76485e45a95f066	6343	6711	0
acab74c55c38c45b8780de75402921c17c06bd03	0	0	0
ae541ace94f90ca00cd9086e617afb07791e3c76	0	0	0
f0fad0f10e324b64bfafe0981732eecf38dbb3a3	66	7	0
6492c7b6c42ec97461bd9a8048d2a18eccfe8dc3	3	4	0
f84a76cec527a895e7bed5e3a75be4e0e5c689a6	0	0	0
5aea0fbbae6fab464b932339c00051f179eb0343	590	256	0
63f701585d4fedcd239c97a0d82bea58eca79f1d	0	0	0
73f0ff946205e6054e72249fc0399c6e94b30a80	45	46	0
635896d619ac095022ddf005a0f37f28f0e089ef	0	0	0
b4e31ff98c2c2bce326999361a27e89c4f79998c	5	4	0
f6264c94795a489309c23054451d1bf9078e7a68	298	184	0
773ed4078caf8d9b85330dc7d3aa91b330690e60	22	23	0
f2e91db611a0c936398f5b83cff47ee505aa1ea2	3	0	0
af79cf3ae01ea6a2b58533b34967acec6b99d74e	0	0	0
dafb6f5e2b48fdfcc6b077f95334eaedc2d1cf0c	0	0	0
8d0272e4e6365832e892fcb7d9ed0e3b3169c906	0	0	0
5b68d662bf3780edbe54576849af5ec620ce248a	0	0	0
bbfb463f82b01bc4b08305ea919a9d851b9486dd	0	0	0
952e0f550807c5d331f9c6fbd1720846e5ff84d1	0	0	0
7a1109e0e4a72023cb4c98af878ec3768d69c815	0	0	0
3ab8e2e2f87fc730a13181fa0e1e4ddb4ecadad3	138	16	0
c083a36f5a290d2e04830236e465cd5fdf17c2e0	0	0	0
3ba0a5450cb5340a39154f872d920a580648de3c	758	205	0
ca72b976237a39f99672ca2ee9580fedd0ea28f2	0	0	0
2ae786d5ccc463ea240efdf881585042ad8df42f	0	0	0
983b66079abea732addd0d76a02d3a97b056a0e3	0	0	0
75277a873629db46a61847c3b073d8ad0dbdce2a	72	364	0
ee258809459e60708ff30fcc2f09a7a856a81bc3	0	0	0
febdceb87f78038122574985f874af2ad56f1c72	0	0	0
c1eb73fd1dd7635b4fcaf1b4ece84b57e7bbc5e6	0	236	0
e8efba3f36b577e7dc41bb6ccfa30b370ae04a27	11	6	0
a8a73362bd9a3967c46011ded1ed831a586acd2e	334	211	0
2ed6485e9d503e68c8f9ab3d5655be88ab1e0851	84	57	0
c387421cb46ea919b0759981ed9bd44123419c14	48	40	0
47356252a1371452afc3bf371f569cb815d71e29	7	2	0
c22c30d7c8c2ace2ad5f6675ccc6331310c0c144	75	41	0
6b85723d2db06b94af82b9e10d4c742838b2222e	2	0	0
9ecca8210ec1b065193984c1ff507ae5505ecbe1	17	14	0
9722b84b52b08e27a9f3170fc60f66e721128014	2	6	0
6b9c7c225e6f6d4a763ea8cc4e1ccac7aa265915	40	25	0
5ac3e719264a917674ded90490d5554c9a4da76c	8	17	0
1feeef99596f3db72ef731705deda47debf008bf	2	0	0
154647fa5d8cbb8e03dcace62707e1ce8f678fd6	41	35	0
8de689292a6664dcfa1c0f0bff087b1d172537cc	0	0	0
adb0fa0abbcf9c578272a1f751531b38cd3ccc0a	0	0	0
170dd6bb5952baef7b8299d819c82dc806e8e25a	34	4	0
a62d0245c91f3ed70f0ee0833e3ec3799a24e377	258	9	0
dd06b9e4595b18e8b877460e9721fb1ad1d55957	0	0	0
12922f01c4df98acb915b5a3a02843b77672a20d	0	0	0
788c15be7363e475e8b050260623ec46c9ef8257	1539	134	0
921710c6f184120e275d68351117fbcd4a209fb3	2	4	0
989144a47532f26543291229e026efb11d4b5c48	7	0	0
8db75b7fc3c911e3d039bb54715d0d1af28ec480	0	0	0
72f258cbdd2b5b59a35df8b45e6da6364cd8c915	68	4	0
4a425c4e4911f1d4463f098a1c030b9920e391c0	401	315	0
b7121bb88bab363874309357f9c945c9ed8c75bc	585	0	0
65b7111d7405320b4adf3ce5e50180e4ec3a6bbb	0	0	0
41bd0e5f7f05694d7a22a72eceafad8907f57cfc	10	2	0
47c4bdb0c3c40d756ec0ced91a39c771351e826a	602	113	0
6dddf00c821abc9b4c9933b175e68407c279d290	53	17	0
b1b3bd11865ddd74b0977e977aedabdaf5603a1e	6	0	0
2a23a2599b31dcbc971ddd68b05a13b9570247cc	56	32	0
e3b97366f8064a6d65a3eb1c44e1191e5e73a5c3	584	274	10
8fb0deeb8f3cb740487a26cbd6196894a6c226e8	0	0	0
82a9d1d0a24147dcb533542559d61783058f1a1b	543	54	0
0957b8404e1ecfc5703d7c2827752773b7dc23be	742	529	0
e9a7606bb0198f28ec9d9e5a3072d5f18b73b877	0	0	0
5c6b25380be5854f9b6ad3b58866c90df488bd8e	0	0	0
c472d685e02ced4448054b3d8a83a1b669dee58e	50	29	0
266b24b91dfaf65b94f74297d0ef46d6949fe20d	0	0	0
e8d31e674af714ee33bf4dcbabc6ad22387bc0b7	0	0	0
8c8d976e94956fec43924472d42a4d3472ef49c9	0	0	0
724d1a0984c4ed3589ce390bfc93c0bc1c0f52d1	0	0	0
b9f518c92e648acb4efc39a30313947961d617c3	0	0	0
9241d7e88f6c48fea7e95ae01fc92af3654d0ebb	0	0	0
a9c58d2ea3bd51dd806d8012b43fa765cebb6ce3	0	0	0
958f167a8e1f4aa1e6525bfdc16a4d8a54866008	0	0	0
4afe93e5e1cf3a9493618cf9f16aae76ea19527c	0	0	0
535f0bc00aefe5a2c9aa3b0470a1804ac6730bcc	0	0	0
9eb990629b8bf09d91bfb439a2dfd0aaa8e9f14a	0	0	0
a3673f85484e61ec02bab6db995a3eef3433923e	0	0	0
fd03c45fdfce0c629cba2d8d70c7949e1c19f224	0	0	0
e1af106bfbec9ba8be3d5ff42748ea409565a15e	0	0	0
6e69b7cc29200ad553154bef32b43e448c610092	685	409	0
10a4ad03db6b65854d3b967ecbb27879577f9aaf	4	4	0
0a7c3b05744008862e1875dd6a651aa2a36d8cef	314	35	0
8b22eb1e4b8bfe4be08a766a98f636149e62fb28	280	155	0
a45c0e1b11ef8791778512ea23eebe21211f393d	2	62	0
b12aad6381345396ad68be2c4c9df778883bd203	62	2	0
94dabe199c1cfa6513d90b2f238bcb753846fd2a	0	0	0
d26abefde17d4e168a32146238036e5515267655	105	27	0
30fe838bb0d0a728eb99f962094dcc115c9990d4	41	8	0
8d14195dd1c20e5ed8d648eee6ab5702a7a8e86a	53	12	0
9107bbaf5f94ea0c70bcaae458538c95aeb61454	78	23	0
d3bed4d6ff788cd800aca503d9d6a57e0cf75da9	0	0	0
c11645f17c5266d7577ea58cb244a3d6eaaff0e0	4	3	0
afaebe7331b1cc249ee8fce3372c9a4b47184f0e	0	0	0
358f5122485b7ffa9dcc2e46e0751e88711f2ad9	187	3	0
930380c9407184ba159181c0d8cd08d21ce90766	221	8	0
e944652982bf75ae148020cd96338765391efc55	0	0	0
a92959ed01dc7425cc4fad14950dc1604934f6e2	56	16	0
1bc05ce6a3363206fbcf0a4bc6c9bbdee1d361f0	292	93	0
0a1f589b1ce96c09eb71b5492ece6bc99bfeec13	22	26	0
f884f500b035946775edb18baff564eaf5a69fad	6	0	0
e4801d85185d436a09bb257c0dd175a0f999b2c2	0	0	0
4a59fd30d40d1cf2ef4b3c62e1d64047f246dba3	0	0	0
e6f0ba517168c4af11355bad793b4f481a66d4a0	0	0	0
e84c8267713c44a067dd17a249bb262c533b1bb9	0	0	0
27df3be388c6f67fe493c355f6695b4f19db32d2	0	0	0
a8675ad07878bfaf7a75fe39aa9e1b0bb70a1cb9	0	0	0
02fe2f7cc867d81cf7e25db697d97693b315fa72	0	0	0
a44fae6243a6363d0e07f3ba1275f8ecd3f5deb5	558	365	0
b70182bab7d151fac116335a800267646db580bd	0	0	0
42c4239d64aaa86b9f2ef256f26a6e1510e216cb	0	0	0
3884a631b018d285ea00cc28bb07f16876f15116	0	0	0
904ccddf85e5657a0f65cc4299a77a3f4e3b19f4	0	0	0
b12211df5d86fe0fbd0683c62a02516f7970f29e	0	0	0
728979a47d09d5f6df670de042783f03d11be448	0	0	0
ac0a3bea3c75c074eb5e96a1393845d74c1b1022	0	0	0
8d2ae28491342663d9290114b8ecb182d6aa903e	239	23	0
b37b8d6713c630901e46f0191b205061c0273133	39	3	0
0082d79ac81bfcb1c3d0c8139d74002020402940	0	0	0
0732e418971bd8a50a9ac61f2e847716273f88bd	0	0	0
ed6a4639e787c8a68f8f4cbca740693927498ebb	2	2	0
0057dcb78313be28ae16b7e84c873191471dceee	207	20	0
178925f672946d04524195caa2d191377e02f466	0	0	0
804e5d5b575e9873c9a5bc1fa4323c13bef2ad5c	0	0	0
32b76dabd04b8ee71148dce562919f74b7addfeb	33	6	0
d563b681249eedd38ce3610e6328195ba3ee052a	0	0	0
e3650bf5dd0bc427fc8000821ae70e69c563863f	631	207	0
e0316743684e9ef208cfe68efc28929ecfad5e67	1785	722	0
c810a7731bd2087497d038d2daed1ca558b32963	0	0	0
9f27c0f760a1a614ceebc913d61b09bcd9ca87b9	0	0	0
cbd8be492393d9409ac0ee8c2dbb7c1bbad3cab3	5	77	0
a021aff2ef6cfebea5ffb62b84ee075797764f93	0	0	0
76e038779ec1e22225d0ca69f5a1284ce3a46f32	19	7	0
d41b671bd683600267b68df69beec38f681a189e	3	0	0
3402537c1f8d8301b6e16e6cebc8c1e655aa14bf	488	387	0
360fc24572f0ba75362253450fea50dd48d2ea13	129	3	0
094dda343f05b354ac2cf4ede057afd363253a32	2	2	0
f81da9fecd15be58ba45ae54c59109c4153773ae	0	0	0
981052d54b87a7ec8989a46acf2d77d2064a9390	0	0	0
9ff16ed7c30a06b6a7fb58a5e040fc2fe18bca23	128	78	25
43ede9d7b80cd20ac916d50cc5e5faae0b925a41	16	16	0
7f9dd70384c16e81a08fb8055ffa194bf72bdd7d	0	0	0
d1c6a8d9f0a69759aecc88e180f90de553ceaf6a	0	0	0
082a3f9b0ec10b9587c1f05473d3c42905a2056c	163	0	0
601320c3379194eb90a3b57a5f27e703727aa690	94	5	0
c20b3c471bb4aed9be49a8b56f5e997ba21ef7c1	71	34	0
3f31b97d141d0ebb78ba0ca43372c7d032f179fa	0	0	0
320fd3b0c9eddec2e6336f557e675b28ed33fffe	88	26	0
389c0b17e7bad0f524c90b4764f23574646991ae	0	0	0
222d73fe2668f9a9277d8732842e1bd41706d4e7	0	0	0
a7521e409132bbdde4e4b8392b66ccc944aafa8b	65	36	0
016f8c2ab755536ccc5daf953108978e9e0e9513	341	422	0
0959e89f8bfd67735be718542872582ec1ce792d	422	341	0
01aee31cd6dc5d49cc931299121cfc6687c2f9a5	24	0	0
f30c599844397dd75653ba2f924a2aca9760ee5c	0	0	0
359f5b0d38236611a93391e8cfae7bd0c0dc8d3d	0	0	0
b21c2e528df0938471f7f1897964903fe1fc0a42	0	0	0
ba65c32347b12607cfa8160088b442e2f56a837e	1824	168	0
472de4a37f18e03b11d67aaac807b934208c9f0e	0	0	0
08cc3e01fcd26ab9eced8eba0516e49c14cf27d3	156	175	0
32b1f3d03daec38f9c5b29fb003fffe75b02e51c	2	2	0
4b88ebcce8879df1c522a55dc8053f7b40bb63e9	42	14	0
2c6174d961eb3d4966ea27b39e36fbba1f29d07a	0	0	0
c0500af30f4a01114b030fb3e4afbc7bbaf210fa	0	0	0
0fbbab80c67c7539eadc969c83503d494612bbec	0	0	0
e936eceb9e75aee9f2cd245b9cc7709a2e7b4ded	103	66	0
8bd356fe1d47a7300725f5562766355d5616fbb3	7	5	0
cff0aedb1891cc1595cb19e28533f2b5c7a3e6a0	87	43	0
9da245089da466c3bedf569c81745f457d0fe5e8	0	0	0
7fc11691f45d8c4b384c564e9da10b3460109a00	0	0	0
74141aaa4aad59c6839e4e46e8377628b0a6cfe3	7	0	0
c611de04703c9f6d27b3349b0d06a297dfc46fc1	0	0	0
8f48827911d180889a9db7ab467367829c2c38b6	0	0	0
382cce4d71475d3101cdd2caa57ccdae1064ee7c	241	10	0
61922f2f212db1badc5eae560b25571c3d7ac8d3	0	0	0
acd8adc4a75bb2b0b5dfa3f75f31a723b9e763e7	0	0	0
0566dc00b3fe9af48ea856a587ceee56fcc24cd8	15	16	0
c92b14b8e234977b0ec7a3fb265ef61cc501ac24	0	0	0
79de509219862735d0db1ff966aacb67430e0c89	14	18	0
1cd080633bff3e8668f62149316d416698582b35	2126	0	0
3a816ff85664aafc39a474be9cfb31ef949c1d17	0	0	0
b7091d6cda358a4fe5dac9c27d402e82dba1e424	498	153	0
b2969cc53c713855e19931b19292f7a698532d34	0	0	0
070689784849b2cc600794e73e2c8c56d6e13324	0	0	0
c41bd3f83e6ad99f03261ba21295eed5151eadda	1006	448	0
b4510d2b69db980525be0fcb6e11b692c690ac24	24	7	0
7955dea8215faeeedd347654e9b126cae30a1fa8	12	2	0
9b3953a4f713a4ddec398820ff222a537c033314	0	0	0
ba1acd70605d284d6cc09cd0b3055a93ea3bc958	0	0	0
cfdc76c1eeea467b44b0fa934bbccfcdc877be00	721	39	0
579ad8454500a307b1ec07efc4eeed55d643f124	878	0	0
d879ea6c15ab6ee4a4b834e141db02bf0cd789a4	0	0	0
42224f6b7fee3d183a7cbd13079bfe8b2b17a3ef	0	0	0
9bdd8cf6378245a36531d071f68cf58898e5cca6	184	94	0
4a5a9673545474d3d69efc6803005140cdde089e	0	6	0
1e1ccdcfb19a60e50b9393feac7c0322048e20e1	188	49	0
f6521f7c29b1d330617aed3764ecc25ff73e2da1	538	330	0
b82c45bd81386d5af77570393e5540c360e263ca	0	0	0
4b9f4168f19568a3c7bc89c0f7053e441cde0153	0	0	0
6b4e7aa40b250afc66fc5f26b75d8bc1e79569cb	103	0	0
764e34ca913283f1059de2055b0aa313c0514c2a	74	93	0
945c1815408365931c9dda506b9f9332376bed43	0	0	0
47b16b9612ece90d959f1966f387b91ee4d9b7ed	36	67	0
06d451ad0c982c098458f7a40463b5034708bcfc	87	2	0
b6320b80a4c08958d5b5028cf065cbcc57894a86	562	241	0
c9e8662617ac5d99cc08f858c21dc9c4ba175881	24	15	0
1b91bfd187f1a718fc4f596099ca08af15a17971	13	5	0
56a1186f817bf13f7672ad07e31684bcd0f536f6	0	0	0
8aeade991cb813d3fa28e5f76931707e90d03274	13	4	0
05eab5e567f49d984e3c299be42d9a9760d98ec2	577	348	0
37a4b19d24d6772a180adc70221319911d0c9bfa	0	0	0
dce60e840ba1dd7e555f4304468f549711a0d8b8	21	22	0
0b3fc0e47e1513e282bc01c6cc4eb292b9ad2aab	0	0	0
109f0dd1bdf5c9e57a3af10235eefc5b1162dc12	0	0	0
412a01fdc0f69f3042522a17b8ca2579a2b3f6c6	0	0	0
04ede08efbd18ce49b2d48f99d2b67ce19d30857	0	0	0
534631b066865b1968e2b89cc02adf14c3d2f0de	0	6	0
9b76dc54e7327395d6842c7e0a141ece42778cab	0	0	0
075d67b7116ed13e52d1c3c72d3516d54eb701b4	0	0	0
ce1ea3ae72defd38e072d93b74c61d6386ffdff5	0	0	0
79f2b64027be55b61095f8ccc499319fb3a0e4a0	0	0	0
8cfdbd4406abe8e04e4fd8e399a32125cc28e26c	10	5	0
8b651cfb22985be3a755fb82e3619057e34f49ef	31	48	0
c54056686830066b0823281a176532edab27a964	0	0	0
620e1d67b03f002ac4e3770d24211504657e4e96	0	0	0
63e2697d430ce1f7c5b60ddc3ce8f2c65ef861fb	29	11	0
f36e174ebe11ec7b3da2cfd5b4226d61e1d3f642	3	0	0
83cf0a93c37759334fab885c2010fa0b7d953f52	241	122	0
29400c0f6a4c9ea4cf79dc2c5d1dbee2ffc8fd07	0	0	0
c5d28b03b72253f2ca6d9142a17487b253317ec6	103	39	0
4447e6dfa786f918b7e89754b10c70509fccae46	0	0	0
2890f77b0ea58176e14780d99c4dc3cc0dfa88fd	176	125	0
f3f53d489903b193c2d68f5bbaf36c0d55811037	0	0	0
b80ed2845feeb0f4b968a8e511d733e56e2a359e	0	0	0
730a34e14aea24238cd7532c0cac23e5cc8984c6	11	3	0
86b4b548edad7eb35178a05751f321f2a5412483	0	0	0
950db6d30a476f1579411ea69ce0a8e5cb418c1b	0	0	0
a4c675afff3b26171efd78ced4916e2f5fb25eb4	1374	190	0
0561dcbbaeb7e1fa6598d9e3e61ada3011a0c80d	0	0	0
8173d34f1bb7c59fa401c3db1c0e42264fc48924	777	561	0
22a056e496bbee629d9418ddc9cd036c7afee5da	0	0	0
468528097496884cf91b13a76381c986ff77fef2	0	0	0
bdcdc82e97512d6094ea25775a8d77c1597e1223	176	15	0
892b0941c13f3680a5e3cfc32d51694ac4861289	1579	0	0
85fc47a95dc4cd72a5ea79bcb3ab87613fa8535b	203	19	0
4b62dbcd629c0b49ac33bbd062afd266b490f81f	0	0	0
a1ac465be361ff478f9b66147731e588fef64ff3	6779	0	0
18066791de571f1204b39b7a4fa06a849f2f0deb	0	0	0
bd67906b1daa622e2c78032f453c0cc2e777b8cb	4	0	0
7d8d199a4662ab710c8f3a12745b86dbdb4c7520	228	19	0
578be33d4f175e650ea3794d45ba8ff85de8db89	0	0	0
8246ad6559d020e2eb8f6d5cc0d2914863d7c744	0	0	0
8ad773d7da9f1802e2868207772b1ce1226d9a36	22	6	0
e5b90d600c69107da88d1758c1e66eba7cc1abad	69	7	0
f340e569fe7c33985298397d31b89638a397bf19	54	11	0
b17e881ff0e6fa9ce0ab5063c3a390fda782e752	0	0	0
df8aabde05bed21954c3c48599292f9c92ec9f5a	0	0	0
c6639c9842973a7954c8baa412d6825cb833d51f	196	205	1
da1e988798fd0336a893e16e94d699e6b156c941	997	2408	0
1b86be3fcfea56f9b2c9dc2f384ad1d7953e6b92	126	0	0
dac9e075ec7325e401d88895a6d5fe12a61a738c	0	0	0
5de5a6e6134892e4ab4b69818794f5c57dd79638	18	0	0
2f3b513b446775563ace5f96803ca8cbf8e2d4f9	44	6	0
950586dc900653ecd2521291c76ba01084c7d2da	89	8	0
97af9cc16773e4cb932cff42b460db1b7b67e2d3	0	0	0
88fab67e8bf006e10f23db1ae7059cb4c516a4a8	534	256	0
10d8d9cf50040f100b0d2eedaae9fc263b06133d	0	0	0
790028113fe38b012682fddcc1fc467b8367fdee	0	0	0
b833f9d0431ed1629ce018e0c29c03cf3c94b618	11	0	0
e08ffda1b82a1f2e6232c6140fe38976c291e2fb	150	117	0
2e135ab9287f8babeeeddcfb7cd362f4d2b4278f	125	4	0
9f7759d73f44901226873cdf2da685877fa06f62	97	2	0
9b1f7faa7902f0f3f5d8aa457b4c53ecb9155343	0	0	0
b736d4372859b5778dfc329e3e60e5dc949768b1	0	0	0
679a561d009ff1220bebf172cadba4306efa7edd	0	0	0
c81e4c0214507b27fe9ae0ad0c78f0f5c7f79b76	0	0	0
4ee7c1d3a904d164ff6f12c862043a03d98101bd	9	0	0
65fa4cc7188c14dcd5bc0cf3118c5997d1d28b5f	5	5	0
4e482a0e8c2e79ea39ac98a422b604d5bd861250	6	0	0
a399144537dfef4468a96971641bc372a3d8a76f	136	6	0
2ed749ffd1ae55ad8090890908fa2d3d1a64b20e	18	0	0
b4051a04e10638546a04d51f280e47bed37c6964	0	0	0
7070ea227a201d0b69c7da2a14cc54ed9bbd5428	0	0	0
3fcc62dae5f63a64f68b5d36f8d22e3ecf751a78	222	88	0
4a9ba5da6e438dd2049325624c3f12f55a2de809	0	0	0
1b7dbc1c523d4105899340b064f169e88a727081	73	0	0
ebf6d1e106a94aeda223a70e5c8aaa6476526edb	0	0	0
5bd5d2d7861c68e0f4bae5255ea49b89d936a88c	0	0	0
fa7764c88b063a672b48ec341b9e4a6d958cdce2	18	0	0
53b690967c97dd30d463f69653c9dccdd7502c3d	151	138	0
128807c962823b32bfd3f2872de1e3714b1e92f4	33	33	0
6866b0724ee627783831db770cc9e3ffe34efe77	0	0	0
f7673ae440408e4107c3a7874caf3e4df91b078c	83	5	0
2f78a5741dcdf106377a927d7cf354685136a172	0	0	0
02af24921e1a1b95fc45cdb6ec54291fd3bc7a8d	0	0	0
e94f36ed85117ab05620479b406259ddb3dcd5b6	0	0	0
aa7d3d3a8a632e3da9a1180e2552da9e097cc80e	0	0	0
b4c58ed802c16bd4f12b5be330911050efc9c89a	0	0	0
5d56e6d2ead954483041a74112a69fb89a01199e	0	0	0
80bfbf64a90e3461b6493756d63582e78514c682	0	0	0
30c3c0eb55026bf73c6c6a87fe662ba458f67233	486	105	0
a79aaf38e4842f419269bdebf3bd1409bac81f7e	11	2	0
4a1154ac082506a3269e47e51ff2f600b6d28d07	12	10	0
c6acf2c2e3504b057195e434791dc5a60a80f5fe	5	5	0
04ac2dc3e5527cd144c8fb0aa05e8747342d01d0	179	5	0
60808e0a7312525e2d3dfb82c5535582d1de391b	18	0	0
29b1362f15115ce31b420cc6cf6e0aa2f041443e	0	0	0
82627a641750383bc7380c568291839bbea5c26e	1422	12	0
505d23b4951a5444b8831e13bd66154ac7592c16	0	0	0
846ccb53d3816d009c38167b52d569814f45be8d	0	0	0
b8c2b821273184a67c9e063a8d393de663b5f032	0	0	0
337205755c5b7935fbec6a07687224528f20e687	0	0	0
0598b1e581dd526b225166ca3704597126c778c3	0	0	0
504b19774fab868fdd1d4fedad24b4664bd92aa7	0	0	0
c6f2e6f797888f932f46e95780a3fe1def2e5d88	0	0	0
a23407ddefacba9cb899770c960a77133c6fa1a6	0	0	0
e99350dc11fb37dc17c92ffb95113a3a607d84b6	11	0	0
f15c156be0ac92b252882be6d9e15058882ecfd9	0	0	0
a673b0e0cd085b340d451169fe5bfced9a162955	0	0	0
217fddb4b4a131fac932a65bcc45819e39fb35c4	0	0	0
0bc7d41e3f15f02c81d63cc8fcf0f373ee867327	317	35	0
1d4a9521a4e6bce8f0346b000bf96856ccd5dfe7	168	40	0
d768ace716fcf01e9f699355ec8e6876d0a2a9bf	13	0	0
d5a39f2c4ce1b162dd5c286217fda1cf40328365	0	0	0
03f0f816dc7fdc5e767a8c8989b872b2b9ad36e1	0	0	0
e04d55aa14c04ce90fdb0b7414c1fbfcbdaeb3a6	0	0	0
8d30c6ed4e4e61f38b6eb6650f06a4d33038b1a9	0	0	0
109a15859be9184ab677c8db371084535e412212	61	17	0
ff98502017f564c14008f5e55ba536bef7d60b78	247	19	0
3fd36ef74684e63eb69b10ac51e2970a1f0cdc02	0	2	0
d4abdba5438f5ffe00f415803a7261d58f0b7ae2	0	0	0
4983f6dc5fd04081d5320f8a9db3b65498bf8c2a	0	0	0
ea54ef0825c6670cc6714e749d391f477420b118	242	146	1
e148a40f5fc5bbd3fcb71d1e72db9a2f5c49d441	0	0	0
67c4e4533d0762ebb4cb77976df12304705fecb1	0	31	0
0c6294e6cab2befc330b8a5c05ceeb156550c2fe	512	414	0
0254f868ca34105308ac3524c73111d8d770091e	1876	917	0
acfce8b8fc08928097572c261980e7ccb6d041a7	14	7	0
c92694d86f381164dc73251af3060d48ef03ec16	0	0	0
ad482ad24cc864686f268b71896606091d92a00f	66	48	0
4bf4f51660154b8a02cd703acbf392b137387428	0	0	0
d349e7bd5ec70f62f75c6bd3c986fcd29e1b3a4c	535	188	0
9398146ee65f798983a9938fb515620fdeb7da1b	7	4	0
f813b6394afc39bed4fca20568e7baf20c4dc7c0	0	0	0
d284d6fdae9c826bea44414a4f8f7b811eb0657f	57	20	0
ad90e3700bd147bcec1691e51d40a09b43a82f8a	160	0	0
d1fa7aa702b4c9474ecbed78da9f8ca0638b6d04	112	75	0
3553137b9a7e8d804fdb378be23196a74afaf731	167	8	0
217107e26bef95aeb8f669013e03191406b9c7ee	7	15	0
1ff83d62d0464a0c21a711b2cadd549119c716ab	6	0	0
853eb9d897af76fcaf221270776614f171abb699	0	0	0
931322a7c7287a715b4aa7046d4af4f42ddd5cd3	269	95	0
a6078d424766ba7ca60821ae802f3acb9e2c7758	150	93	0
ada5b36e3683aadd061a9e3578c9b693f0b050ab	665	0	0
d80631f8e7bd447e684998fd59d19ef92b1f2b80	150	22	0
4cdb4305ad4acd8189b4f771b30f05d4cf68703e	137	97	0
e3e0db789177a2e77882545dbdd9eed9a23eb392	484	209	0
b7ebe2b67b6b29df0bbce88e3b49f831b2973c43	0	0	0
fb8c9be9aa0fde315cdd5a321f7da6c97fd7867c	0	20	0
3a6a4ba7fc538f066d7b691777320fb9b92a5f93	169	48	0
92c538d4d830d61fcaa4346c356e63d8f23bd2f3	2	2	0
a07a03d70b56ab26f4a790ef1e9941a06b478b84	4	2	0
435bc0ff5db851d341c373bc515f6a618691e6c4	987	473	0
1ca4ea0540f3e313037d473b7cbdbcb45ea51f39	0	0	0
ed70d2edcb78a7e30ae60170ea986fb85e862b4b	954	429	0
b19a117b066ed405d0b8ee5c76e6f2ef3bebfe99	0	0	0
6810b0a75be66b9f585d213735bb727760ad951d	0	0	0
4f99cd940ce2fa57ee12daafbd7968e2c925a05b	114	0	0
509ded419f592b49d0886bdc30a27fe5b8560a3a	93	34	0
0cb68e84c1f8c1ebb3a6a2711042cb610bcf4eff	0	0	0
8a22ee2a08d3d00a2085459c5f1941648a12ec98	40	22	0
dbd65f592ba1398b9b8ac371917cb2b9e65eaff2	50	4	0
41eaa5741eb749f8a32a17c33c2828f422a551d3	2	2	0
3740b7c730e6e4ccccd78c35694689292bca4ddb	69	5	0
774bda809bf4c17941eacddccf6298d57f1737a9	43	37	0
dcb4215e8a27f66f92a48c2d35e6e1ac454deccb	6	0	0
ab761fc1b371c7e3039784c918693025a0052b9b	59	40	0
2bba284640acecb5794c4f0f9be8ae66e645c7eb	0	0	0
05ae54b104502bbaac97d0bb1d09616646fed6c3	0	0	0
9ab335fc924a1267638f7311721dafb104604fd5	0	0	0
f1f13a3719ffa1dfd3572b8db0b8a41a054599d0	0	0	0
31d99a300ad9b0c66905333c7775321a58345ed6	522	221	0
0da7e6a3a699284df263484496fa16ca0f67e32a	0	0	0
33e143dd200dd67984d6a83fb58e0eebca4c3c97	0	0	0
88b5498a96cdbefc3d1ec66d28e2d1e680b2cada	0	0	0
7a56a8f5e57ff35f1076a5a45b10f358154227cb	4	4	0
1d2a7863133cce103cb1784f704fac31169db29a	0	0	0
bbda35fa6599b2b2931a052f38997d78c3e8deba	0	0	0
920bd81fef8128e6f1bb5c59b8a7e36b1211fd87	0	0	0
2fe9f3757664cef42a7ba17f932a94aad6f02e9a	0	0	0
7e05816a5e02f6c1c9f3d470e0a23e980c51bd86	0	0	0
b6f0e5d5e0baf59038ac4381229437607746069a	0	0	0
24cf7ed95245ed6f442281680d8415ad087f742b	0	0	0
0a81c16c4c921ef52179b943dd046fc72022ccc6	4543	4543	0
b4b73a37d43413efdf50427f96aab2720af11baf	764	569	0
cfd2ecb8d049c1b51b2c1e6d5fd02edd5d3c26e8	1177	667	0
98b153609b00157bb02ba75814f49a9bd46dc26d	0	0	0
1da34580995bbce1cc56d2a7f822aa55e169670c	0	0	0
f1e02be300aee5e0174419526c697b5bdf7da4eb	0	0	0
94ea75adeca9109d127735fd00138e530770552c	0	0	0
67c653cf38015db23940c4229ea66509cbd2b2be	0	0	0
daa66b7c180c4342ce7acc7b595106fa3a49a12d	0	0	0
47b8275402b3c9daa19f67aa42000ea7b0fbf0ce	0	0	0
9fadd70f4bc235047d1dfda998f71df3264258c4	0	0	0
be031cb42c842f5c5362b2333b6155f4985000fc	0	0	0
9e8ffe581c1489ce7166508423be1ebea422ef07	0	0	0
03f3e5f76692d134f630be726557120ee8706212	0	0	0
8e1a54aab8958b30552c46febbc82fa3fa2083b2	0	0	0
083aaac1bb6f2d56f1034ca6c53e7c5cb4115c5a	0	0	0
ed69411798bdf385610d0c6f5e2f303607b1e96e	0	0	0
23e39b5a8797d2be1b1ed0420d67f26983887c84	422	142	0
40823446fb2530bf8c4866ae52ebbe4134a42b3b	22	5	0
f1dd874ed7ddd42f006600319dd5e896ed8ac349	2645	0	0
4255d3fcd559e28423356ee702487ad4f9d612fd	0	0	0
e2f182cf0c095784e205b5bd63d72c73d1258297	68	62	0
e62cbf76806ad2a25d9714590108221ae681d1a6	0	0	0
8427cf0581571d46ff7c00318f8158431288b7bf	0	0	0
ffce83512370e970426f7f6b7cff8f519de59bd4	3678	3545	0
942b970c4c29af6285d97ff92b00c815ff422f15	0	0	0
5347de99d0d1fdd1d41ffb02e69931eda5fa2342	11	40	0
e1e8bffbc2f3bcb28cd59b4a54568c26cf92cc8e	7302	7296	0
da0d48460b006bbc0eb345e8267cb63c917469b2	0	0	0
2c0bb45cc843dac34496fc9adf496ee371d7bf03	0	0	0
03c7b1370bffacfdf9f9ce9369b68f9980485b78	0	0	0
a6bc7d54791e73b06083996ab57fdba9340ae1aa	542	805	0
f699c55336a7e3139afea6a7bbd77d837ded855a	14	14	0
1f5dfb0bb6cd8c13d9308393825bea90ccf4e72c	2	19	0
3c67b6c6ddbee6d710714938f33697cf7912f00f	0	0	0
f976de7506640c8ba39b0de94c0d9c34fb9b7273	0	0	0
e3af06b67f3461a34951c0519a67dcbbb89af20b	0	0	0
afd85358e0e3c32c93e33081d2904ad86f1f6ecb	3	3	0
bb10cb36bf9d8eb10f6418a6ebc9a84580f60d93	0	0	0
7219da4dd344192ba5a36be46de4b572129fa6fe	0	0	0
0fcfe3dc6a8380d2573858c9c321d94694045512	0	0	0
d2f590a28738bfa8a90a6ae3de7a013a19f7c161	0	0	0
fd9a6525a702d7358bfc99b8d7724155006ca06d	0	0	0
36ed46fc726fd3a1fdcf63559ff15231cd6398e0	0	0	0
1a85483357106cf0993080a56ddd5c1e2644100c	102	53	0
eb5e3fe817f7b14fa40de117b1bbcffb4abf7eb3	0	0	0
8b68d78491052fc44bb5ef51ad866ce48d078725	10	9	0
888e0c5fc576415a7949a938bf1aad4be74984eb	454	355	0
3877da781d2c44d6cb98c325991caacfc94157d3	0	0	0
cbf48b3780393f5f1c93ba3a2dfd94b9b7b2b047	0	0	0
7369c5bdbac5426a16c5fa3b9ccea94dc7cc6120	0	0	0
05b0999d09ed0dee3885ecf0746983b6ef5b4fc6	0	0	0
edc4bf7ec225bba914037a89cf04c6601a8b9c33	194	0	0
256fe64d65db6fb0bcf4f0dc9120b6ab47f3bee3	0	0	0
2d1d4d3563233a4c7739069389ba2ff8a3a06c8c	9	11	0
90090902302f923a98b24185a56b392ca4144e54	72	22	0
b31e79ecb93acba7bf222813f8bf9c81cf1d6470	0	0	0
3fc832e82ff3a5b3bd8ed7c5e86e90d8a5d90625	0	0	0
03954ba7db28b67fb8a7f4ca4ce1d12798207c09	70	0	0
257ef2c937db7cc9e7d5fd5d036d87753bbc6d3c	170	123	0
95828839ca0d575c04cb9df5eee9c82052c4c460	0	3	0
5141003acd8ea3307bc36f9fc8c3990105a6f195	0	0	0
a40b75cd0894135def963ae24b8cbe37041a0592	131	83	0
7f56417f9404afb0f8975b0fe616433ab75a5de8	5039	4567	0
ae6e4c603e4f9d3171bf40f110685b6c92c4c2c6	0	0	0
a5cc7ba8b6739698f81f7d50bdac8f610f60d5b8	3	4	0
7f7a4a80beac658d2f1557b21499d596a2fe4929	207	191	0
bf1880ecb1385d570461213c352ff80b6ec9fb2f	59	0	0
418a0392faf93494847798aea255d6503586a410	8	8	0
ac533ef7e5aa056aabc8be5189175403aebc9a7a	0	174	0
b01624e6f0caa19f610b110902cf7c8fb911ebfb	0	0	0
4895120841fcfa8c7d45cadabb4d6468020ed41b	213	0	0
da2a904e6492c3e203f93190118922a730b2c6fc	174	0	0
ebcb21f448d92c19e025279f3c27bbdb2fc75af5	5	5	0
cf6e81cb24dc8f0f7cd3f52bab48e2781f8c463d	12	4	0
688f039444b44c925b3103cd0d05102a4b7ba690	495	453	0
d56cc9b9acb453945257a8e3b0cf8d88e5a36d35	2688	558	0
2d5dd1da4d144cd1ab76edda05e4faa2d6f368e3	392	205	0
cef8ad10d66a54d9d5969cd8ea1682f58798c316	150	3	0
ae74147efc8f3dffe6c68ec7ef30f222be63b396	12	2	0
f626ff622ef2f4ab91023a83a530eb00596e6e1d	0	0	0
4b0cc456e9c1b5ffe4bf0c666545c74ffc9664d3	2	0	0
0b94bb84d83c77f58932ff35e3a355ef94a7e58f	0	0	0
a575976c553502ea73ce272f5d5060a271b6e06b	5	0	0
41c6f3a9089940cd150efd98875067e57304bb88	0	0	0
0c830830aa4cbeaf479cfb7618640ea6be57f5af	0	0	0
3b397095e6c74fd35a697f6c0da8801c36127e3e	0	0	0
480cf1a3a180ac9a6125b8f82e8f04dfbc094554	0	0	0
d72b54fb42742a89ce89c74c3fdf51d1de3f71cf	0	0	0
6e8bcd146a3e9dcad32727c80dd8556549a34337	0	0	0
fdb954fdef2fd4425c81ee118d5266cf8a59c83c	0	0	0
1153591dea3c1ca8c19e6f353dd10551c68c11c1	7	8	0
fc43b63e862fd4a04fbcfbfaca35933d19aab598	0	0	0
f82b49dd430817d508b06d6af41bded85fb79691	0	0	0
a3b0ab80e49741e3cf06ce17f2db2a290ff4b276	6	0	0
935dfab06e02a561a1abc320792cfe1cccf08975	0	0	0
a32fd48ef2b72af6264d6fc2a77aa5fd8b5e43fe	6	0	0
911e7a8c6e6d1db1cd35ab7e809d4750a6a8b760	0	0	0
9f10de49a9249ea2aa951a122f9226fa3ee4e918	0	0	0
a6d0a388682ae93fdee7e6c30143c60ad82ebcbb	0	0	0
d60e014b3f8145d60a771629cd7c2437e1333a4c	0	0	0
f1711641cd884ba751f4b5b6e90340d5ea814c71	0	0	0
365c6e17edaaa1e3f097f60126e44c0d5d07d82f	0	0	0
2474f37a0f2d5ceff68d6ca19d4d93fddb3995a1	0	0	0
5e6f1f765c181ae0a3cce7b9524ab9095167d318	0	0	0
d753e9098a6f19fb90241dc4180d9855a059a871	0	0	0
d008d1f441aabda569af91f6591c8d0318265241	0	0	0
5a0a451b8069ef4e8bed9031f1f06ba1d0ed904d	0	0	0
71dc99891e5f05a0eee7e9bb20fceedb9465eae4	0	0	0
ffc4b0d4ca34749867321a56d40dd6e880f9759c	0	0	0
d2c89d6e3047c3b01e30ace39f6dc13728f5b7cd	0	0	0
ab38be72cbec67f5d03980f20631256f7846e4ee	0	0	0
5d4d87dadf44ac741dabbb9491789644ceeb7388	0	0	0
62d5b08a2593c0ca772714cef7e933786208281f	0	0	0
31399a0ac7c64244d4dfab42b86e93987226451f	4	0	0
d89952550caf2360904befbb8f9eccd8d29dbf95	0	0	0
35ccdb8896e6d835b89ba604c595e2e760f090cb	0	0	0
344a30792bb30430a5949fa20ae69872c42394e0	262	15	0
bdd911367253b67aa3d1665ed3262735d2f7ad20	8	0	0
2af055275751847a8202926173a76367f6f5d853	33	12	0
4efff2dfd774dc9acd5ed84d1586afd911271b1d	0	0	0
551012dac1494b57e829bcbd9bafb51b280a03fa	29	0	0
6fa1e1bfd6b4bf2bbac2d58394b1966afb998d1e	0	0	0
70dfa2969bc9c49efb9bca3288934bc1f7e1627f	0	0	0
12fffd996f2289a2e6c05bbff166f935ae405488	0	0	0
b1dcfbc2c4f7c43691627151dd04e0b49c2b5b49	2	2	0
e77adca71ac461a1c3ea2fd3fec362592d302294	0	0	0
8ee17324ceb0fd0ace7d87c3bd095ee20c0466aa	193	34	0
d8ba75f2190f83118116c29f17dac29cf79927ec	0	0	0
e98264c167bb375aba379ed2090aa6dcb4caf407	0	0	0
db09d03ec03761e3e0715e6478daf1fe771f8b7a	0	0	0
32a39726ce62aa1f73913d499aa03c86bf868bed	0	0	0
8bf848da45f9b337461e6114c2a4dce204b5b25b	0	0	0
16801baebba047544af01682beda5c86de6e9fc7	0	0	0
4729a9eefad0d9c5ed4d4f69cbee38d393fbb40f	0	0	0
4594025287271b5057b992da66291a6faac8ec7a	0	0	0
70cc907a3e23252eec852c5473c80873e27da9f4	0	0	0
e655cad3c57b98be9ccd5645a712ff5a57dc0480	17	29	0
4d96d937fd834e30dfb182f483efffdeb26b828a	0	0	0
4e7258d6e3d8e93605893546d337f0586e7a149d	0	0	0
7dc0c2249281c9c7361b25276f91685016e453b0	0	0	0
c62c6d2aba9b97ccc1588ae933d4e7021010a50c	0	0	0
2a447187b125e3226dbaccd29e974c887db1ee7a	0	0	0
b0df85d1f1e26bfaced8a003a6b09bede5867a9f	0	0	0
3347bf0ddf0598c16f954470d786b2101f64a472	0	0	0
df25a810ee7ff41509965102e1475fc353ecb012	0	0	0
21d54c374dc24a4128d468a2bdecd30eb94bf4be	0	0	0
1061ac279cd4785951219c1c1631c4156de913fc	11	10	0
efa6ab6e89270f43355066c2bfd9343a02cb5a27	0	0	0
2d61e7ebf2a75e227a140644357a073fe758ddbf	0	0	0
6c1b271c933c53a882e84cd9317f2dbf5d78bdfa	0	0	0
e6a03538f9b7b88d5e0523882c26de0a05b0f801	0	0	0
771116b87df2b83f6923a997d064f006422a3adb	0	0	0
992946b900b3b4cbaf1cf9a77555b57413d64b76	0	0	0
9201659e2882da8eda910cd3449e14fd9d7d31bd	0	0	0
c67fef7ea93c505bdf94096fb852da87f4fb2c50	0	0	0
9cb5cf3a21c6185727044e9d5ba52feba0da0973	0	0	0
b07de9a00b2e2bdb0f839c467181657fdee942af	0	0	0
667c6c4bb85800feb0f31037ee3eb9a36043f79a	0	0	0
ca3993e5b10ed20ddfe04d0c57c2fb149223804b	0	0	0
87be48dc97ad6e6a0e49d6b665df56d4f86b6808	0	0	0
7beb7dad9505746944744c20dbabca0b46d76585	2	0	0
50d018f409aa2b47c47e5c219e09e17b9d5ad501	0	0	0
925c425a73910bab9e40bc044329136379adadaa	8	8	0
7563bfe9f8caa1a3acdedb32db9e7af7aa3c76ae	0	0	0
18a282789c4723e3c2a41960174ea55594e43d7a	0	0	0
a1c481ceca909e32ec49ff9738b5355eb1c367a7	2	3	0
fce72e5323cccbacd9f1a0dadc7dbd58a2899771	0	0	0
1d2cb51508281a281bc47d6bf93fbf264cc20540	0	0	0
11d2d6fd92acf9abc762c41e0f7b91c5acc89f4f	3	3	0
2cc64f54fdf857437ac7325639afdb67bbfb0388	1914	0	0
03b424d305d37caffb28dcb35122380c83d953d3	83	0	0
3eed1f68e7fcf50b54e67afff46c205c7762da7e	728	706	0
bbc3fdc9973cf02256539a794b617c9b0da5b81f	3	3	0
e048893ec04a250fcb50853d6b47594fa81b0ea2	0	0	0
047d9258a4730791b85cc81b0e1435465a32acbf	15285	0	0
31275a67f8fa261dec38e0c5b6445d2b3d88975c	0	0	0
